2020-07-18 13:12:48,596 ----------------------------------------------------------------------------------------------------
2020-07-18 13:12:48,596 Model: "SequenceTagger(
  (embeddings): StackedEmbeddings(
    (list_embedding_0): WordEmbeddings('word2vec50')
    (list_embedding_1): CharacterEmbeddings(
      (char_embedding): Embedding(275, 25)
      (char_rnn): LSTM(25, 25, bidirectional=True)
    )
    (list_embedding_2): FlairEmbeddings(
      (lm): LanguageModel(
        (drop): Dropout(p=0.1, inplace=False)
        (encoder): Embedding(275, 100)
        (rnn): LSTM(100, 512, num_layers=2, dropout=0.1)
        (decoder): Linear(in_features=512, out_features=275, bias=True)
      )
    )
  )
  (word_dropout): WordDropout(p=0.05)
  (locked_dropout): LockedDropout(p=0.5)
  (embedding2nn): Linear(in_features=612, out_features=612, bias=True)
  (rnn): LSTM(612, 256, batch_first=True, bidirectional=True)
  (linear): Linear(in_features=512, out_features=13, bias=True)
  (beta): 1.0
  (weights): None
  (weight_tensor) None
)"
2020-07-18 13:12:48,596 ----------------------------------------------------------------------------------------------------
2020-07-18 13:12:48,596 Corpus: "Corpus: 43206 train + 2000 dev + 3000 test sentences"
2020-07-18 13:12:48,596 ----------------------------------------------------------------------------------------------------
2020-07-18 13:12:48,596 Parameters:
2020-07-18 13:12:48,596  - learning_rate: "0.1"
2020-07-18 13:12:48,596  - mini_batch_size: "32"
2020-07-18 13:12:48,596  - patience: "3"
2020-07-18 13:12:48,596  - anneal_factor: "0.5"
2020-07-18 13:12:48,596  - max_epochs: "30"
2020-07-18 13:12:48,596  - shuffle: "True"
2020-07-18 13:12:48,596  - train_with_dev: "False"
2020-07-18 13:12:48,596  - batch_growth_annealing: "False"
2020-07-18 13:12:48,596 ----------------------------------------------------------------------------------------------------
2020-07-18 13:12:48,597 Model training base path: "resources/taggers/flairpos2"
2020-07-18 13:12:48,597 ----------------------------------------------------------------------------------------------------
2020-07-18 13:12:48,597 Device: cuda:0
2020-07-18 13:12:48,597 ----------------------------------------------------------------------------------------------------
2020-07-18 13:12:48,597 Embeddings storage mode: cpu
2020-07-18 13:12:48,597 ----------------------------------------------------------------------------------------------------
2020-07-18 13:13:10,326 epoch 1 - iter 135/1351 - loss 13.31255533 - samples/sec: 198.87
2020-07-18 13:13:32,822 epoch 1 - iter 270/1351 - loss 12.38456836 - samples/sec: 192.24
2020-07-18 13:13:55,084 epoch 1 - iter 405/1351 - loss 12.39789589 - samples/sec: 194.24
2020-07-18 13:14:17,198 epoch 1 - iter 540/1351 - loss 13.04191150 - samples/sec: 195.54
2020-07-18 13:14:39,461 epoch 1 - iter 675/1351 - loss 14.60033388 - samples/sec: 194.24
2020-07-18 13:15:01,553 epoch 1 - iter 810/1351 - loss 15.03109909 - samples/sec: 195.73
2020-07-18 13:15:24,223 epoch 1 - iter 945/1351 - loss 14.99883067 - samples/sec: 190.74
2020-07-18 13:15:46,547 epoch 1 - iter 1080/1351 - loss 14.85321911 - samples/sec: 193.70
2020-07-18 13:16:09,860 epoch 1 - iter 1215/1351 - loss 14.78746762 - samples/sec: 185.48
2020-07-18 13:16:31,678 epoch 1 - iter 1350/1351 - loss 14.50652524 - samples/sec: 198.20
2020-07-18 13:16:31,741 ----------------------------------------------------------------------------------------------------
2020-07-18 13:16:31,741 EPOCH 1 done: loss 14.5042 - lr 0.1000000
2020-07-18 13:16:36,242 DEV : loss 6.942070484161377 - score 0.5791
2020-07-18 13:16:36,269 BAD EPOCHS (no improvement): 0
2020-07-18 13:16:37,085 ----------------------------------------------------------------------------------------------------
2020-07-18 13:16:57,390 epoch 2 - iter 135/1351 - loss 10.20939604 - samples/sec: 212.82
2020-07-18 13:17:18,295 epoch 2 - iter 270/1351 - loss 10.30409432 - samples/sec: 206.86
2020-07-18 13:17:39,257 epoch 2 - iter 405/1351 - loss 10.34898344 - samples/sec: 206.31
2020-07-18 13:18:00,466 epoch 2 - iter 540/1351 - loss 10.65487947 - samples/sec: 203.89
2020-07-18 13:18:20,461 epoch 2 - iter 675/1351 - loss 10.41798739 - samples/sec: 216.28
2020-07-18 13:18:40,945 epoch 2 - iter 810/1351 - loss 10.28662792 - samples/sec: 211.12
2020-07-18 13:19:01,512 epoch 2 - iter 945/1351 - loss 10.30411520 - samples/sec: 210.28
2020-07-18 13:19:24,620 epoch 2 - iter 1080/1351 - loss 10.49844245 - samples/sec: 187.14
2020-07-18 13:19:44,987 epoch 2 - iter 1215/1351 - loss 10.37473063 - samples/sec: 212.35
2020-07-18 13:20:06,051 epoch 2 - iter 1350/1351 - loss 10.27373776 - samples/sec: 205.30
2020-07-18 13:20:06,109 ----------------------------------------------------------------------------------------------------
2020-07-18 13:20:06,110 EPOCH 2 done: loss 10.2725 - lr 0.1000000
2020-07-18 13:20:09,707 DEV : loss 6.733948707580566 - score 0.4709
2020-07-18 13:20:09,734 BAD EPOCHS (no improvement): 1
2020-07-18 13:20:09,734 ----------------------------------------------------------------------------------------------------
2020-07-18 13:20:30,742 epoch 3 - iter 135/1351 - loss 9.20224883 - samples/sec: 205.70
2020-07-18 13:20:52,402 epoch 3 - iter 270/1351 - loss 9.55761372 - samples/sec: 199.66
2020-07-18 13:21:13,612 epoch 3 - iter 405/1351 - loss 9.49913566 - samples/sec: 203.90
2020-07-18 13:21:34,037 epoch 3 - iter 540/1351 - loss 9.54857769 - samples/sec: 211.74
2020-07-18 13:21:54,626 epoch 3 - iter 675/1351 - loss 9.61681890 - samples/sec: 210.04
2020-07-18 13:22:15,530 epoch 3 - iter 810/1351 - loss 9.90241385 - samples/sec: 206.88
2020-07-18 13:22:36,322 epoch 3 - iter 945/1351 - loss 9.97560094 - samples/sec: 208.00
2020-07-18 13:22:56,810 epoch 3 - iter 1080/1351 - loss 10.14348191 - samples/sec: 211.08
2020-07-18 13:23:17,996 epoch 3 - iter 1215/1351 - loss 10.15870194 - samples/sec: 204.13
2020-07-18 13:23:39,768 epoch 3 - iter 1350/1351 - loss 10.14520952 - samples/sec: 198.63
2020-07-18 13:23:39,825 ----------------------------------------------------------------------------------------------------
2020-07-18 13:23:39,825 EPOCH 3 done: loss 10.1415 - lr 0.1000000
2020-07-18 13:23:43,396 DEV : loss 7.265752792358398 - score 0.6089
2020-07-18 13:23:43,423 BAD EPOCHS (no improvement): 0
2020-07-18 13:23:44,361 ----------------------------------------------------------------------------------------------------
2020-07-18 13:24:05,950 epoch 4 - iter 135/1351 - loss 10.15386562 - samples/sec: 200.17
2020-07-18 13:24:27,099 epoch 4 - iter 270/1351 - loss 9.79571759 - samples/sec: 204.49
2020-07-18 13:24:47,666 epoch 4 - iter 405/1351 - loss 9.61942678 - samples/sec: 210.26
2020-07-18 13:25:08,213 epoch 4 - iter 540/1351 - loss 9.68604077 - samples/sec: 210.47
2020-07-18 13:25:29,406 epoch 4 - iter 675/1351 - loss 9.78878990 - samples/sec: 204.06
2020-07-18 13:25:50,866 epoch 4 - iter 810/1351 - loss 10.09709209 - samples/sec: 201.51
2020-07-18 13:26:11,548 epoch 4 - iter 945/1351 - loss 10.65933177 - samples/sec: 209.10
2020-07-18 13:26:32,617 epoch 4 - iter 1080/1351 - loss 10.99335447 - samples/sec: 205.27
2020-07-18 13:26:53,147 epoch 4 - iter 1215/1351 - loss 11.07104702 - samples/sec: 210.66
2020-07-18 13:27:15,699 epoch 4 - iter 1350/1351 - loss 11.25654740 - samples/sec: 191.75
2020-07-18 13:27:15,756 ----------------------------------------------------------------------------------------------------
2020-07-18 13:27:15,757 EPOCH 4 done: loss 11.2555 - lr 0.1000000
2020-07-18 13:27:19,335 DEV : loss 6.148329257965088 - score 0.6563
2020-07-18 13:27:19,363 BAD EPOCHS (no improvement): 0
2020-07-18 13:27:20,281 ----------------------------------------------------------------------------------------------------
2020-07-18 13:27:42,040 epoch 5 - iter 135/1351 - loss 12.52841780 - samples/sec: 198.60
2020-07-18 13:28:03,890 epoch 5 - iter 270/1351 - loss 13.21901461 - samples/sec: 197.93
2020-07-18 13:28:25,242 epoch 5 - iter 405/1351 - loss 13.22340127 - samples/sec: 202.53
2020-07-18 13:28:46,061 epoch 5 - iter 540/1351 - loss 13.01587630 - samples/sec: 207.71
2020-07-18 13:29:06,716 epoch 5 - iter 675/1351 - loss 13.04474699 - samples/sec: 209.38
2020-07-18 13:29:27,677 epoch 5 - iter 810/1351 - loss 12.77410071 - samples/sec: 206.33
2020-07-18 13:29:49,388 epoch 5 - iter 945/1351 - loss 12.73445612 - samples/sec: 199.19
2020-07-18 13:30:10,058 epoch 5 - iter 1080/1351 - loss 12.48958050 - samples/sec: 209.24
2020-07-18 13:30:30,797 epoch 5 - iter 1215/1351 - loss 12.41328612 - samples/sec: 208.53
2020-07-18 13:30:51,644 epoch 5 - iter 1350/1351 - loss 12.50021477 - samples/sec: 207.46
2020-07-18 13:30:51,722 ----------------------------------------------------------------------------------------------------
2020-07-18 13:30:51,722 EPOCH 5 done: loss 12.5084 - lr 0.1000000
2020-07-18 13:30:55,325 DEV : loss 7.263321399688721 - score 0.6475
2020-07-18 13:30:55,353 BAD EPOCHS (no improvement): 1
2020-07-18 13:30:55,354 ----------------------------------------------------------------------------------------------------
2020-07-18 13:31:16,514 epoch 6 - iter 135/1351 - loss 13.05202348 - samples/sec: 204.22
2020-07-18 13:31:37,371 epoch 6 - iter 270/1351 - loss 12.64701588 - samples/sec: 207.34
2020-07-18 13:31:58,841 epoch 6 - iter 405/1351 - loss 12.49611857 - samples/sec: 201.43
2020-07-18 13:32:20,815 epoch 6 - iter 540/1351 - loss 12.52627915 - samples/sec: 196.81
2020-07-18 13:32:41,588 epoch 6 - iter 675/1351 - loss 12.34108857 - samples/sec: 208.17
2020-07-18 13:33:02,317 epoch 6 - iter 810/1351 - loss 12.05594149 - samples/sec: 208.65
2020-07-18 13:33:23,694 epoch 6 - iter 945/1351 - loss 11.96661912 - samples/sec: 202.30
2020-07-18 13:33:45,293 epoch 6 - iter 1080/1351 - loss 11.98367401 - samples/sec: 200.23
2020-07-18 13:34:06,489 epoch 6 - iter 1215/1351 - loss 12.01871684 - samples/sec: 204.03
2020-07-18 13:34:27,275 epoch 6 - iter 1350/1351 - loss 11.99052842 - samples/sec: 208.06
2020-07-18 13:34:27,342 ----------------------------------------------------------------------------------------------------
2020-07-18 13:34:27,343 EPOCH 6 done: loss 11.9915 - lr 0.1000000
2020-07-18 13:34:30,950 DEV : loss 6.756869792938232 - score 0.6527
2020-07-18 13:34:30,977 BAD EPOCHS (no improvement): 2
2020-07-18 13:34:30,977 ----------------------------------------------------------------------------------------------------
2020-07-18 13:34:52,017 epoch 7 - iter 135/1351 - loss 12.24290558 - samples/sec: 205.39
2020-07-18 13:35:13,651 epoch 7 - iter 270/1351 - loss 11.93280766 - samples/sec: 199.89
2020-07-18 13:35:35,021 epoch 7 - iter 405/1351 - loss 12.17579866 - samples/sec: 202.37
2020-07-18 13:35:56,460 epoch 7 - iter 540/1351 - loss 12.58845867 - samples/sec: 201.73
2020-07-18 13:36:17,614 epoch 7 - iter 675/1351 - loss 12.93560972 - samples/sec: 204.43
2020-07-18 13:36:39,197 epoch 7 - iter 810/1351 - loss 13.27525111 - samples/sec: 200.37
2020-07-18 13:36:59,897 epoch 7 - iter 945/1351 - loss 13.35287427 - samples/sec: 208.92
2020-07-18 13:37:20,651 epoch 7 - iter 1080/1351 - loss 13.34557645 - samples/sec: 208.39
2020-07-18 13:37:41,376 epoch 7 - iter 1215/1351 - loss 13.27441025 - samples/sec: 208.67
2020-07-18 13:38:02,512 epoch 7 - iter 1350/1351 - loss 13.31023827 - samples/sec: 204.60
2020-07-18 13:38:02,568 ----------------------------------------------------------------------------------------------------
2020-07-18 13:38:02,568 EPOCH 7 done: loss 13.3082 - lr 0.1000000
2020-07-18 13:38:06,149 DEV : loss 8.13747787475586 - score 0.6539
2020-07-18 13:38:06,177 BAD EPOCHS (no improvement): 3
2020-07-18 13:38:06,177 ----------------------------------------------------------------------------------------------------
2020-07-18 13:38:27,278 epoch 8 - iter 135/1351 - loss 14.09435216 - samples/sec: 204.79
2020-07-18 13:38:48,256 epoch 8 - iter 270/1351 - loss 13.66951641 - samples/sec: 206.15
2020-07-18 13:39:10,437 epoch 8 - iter 405/1351 - loss 13.78998914 - samples/sec: 194.96
2020-07-18 13:39:31,351 epoch 8 - iter 540/1351 - loss 13.62196616 - samples/sec: 206.79
2020-07-18 13:39:53,060 epoch 8 - iter 675/1351 - loss 13.68987162 - samples/sec: 199.21
2020-07-18 13:40:14,456 epoch 8 - iter 810/1351 - loss 13.79034303 - samples/sec: 202.12
2020-07-18 13:40:35,142 epoch 8 - iter 945/1351 - loss 13.62181934 - samples/sec: 209.06
2020-07-18 13:40:56,089 epoch 8 - iter 1080/1351 - loss 13.47062783 - samples/sec: 206.47
2020-07-18 13:41:16,554 epoch 8 - iter 1215/1351 - loss 13.39700517 - samples/sec: 211.33
2020-07-18 13:41:37,769 epoch 8 - iter 1350/1351 - loss 13.38553917 - samples/sec: 203.85
2020-07-18 13:41:37,829 ----------------------------------------------------------------------------------------------------
2020-07-18 13:41:37,829 EPOCH 8 done: loss 13.3809 - lr 0.1000000
2020-07-18 13:41:41,407 DEV : loss 8.473502159118652 - score 0.6502
2020-07-18 13:41:41,435 BAD EPOCHS (no improvement): 4
2020-07-18 13:41:41,435 ----------------------------------------------------------------------------------------------------
2020-07-18 13:42:02,413 epoch 9 - iter 135/1351 - loss 10.24986803 - samples/sec: 205.99
2020-07-18 13:42:24,673 epoch 9 - iter 270/1351 - loss 9.43120253 - samples/sec: 194.26
2020-07-18 13:42:45,323 epoch 9 - iter 405/1351 - loss 8.90869832 - samples/sec: 209.44
2020-07-18 13:43:06,987 epoch 9 - iter 540/1351 - loss 8.64013487 - samples/sec: 199.61
2020-07-18 13:43:27,799 epoch 9 - iter 675/1351 - loss 8.44993689 - samples/sec: 207.80
2020-07-18 13:43:48,926 epoch 9 - iter 810/1351 - loss 8.29399185 - samples/sec: 204.70
2020-07-18 13:44:10,646 epoch 9 - iter 945/1351 - loss 8.19476708 - samples/sec: 199.09
2020-07-18 13:44:31,123 epoch 9 - iter 1080/1351 - loss 8.09767130 - samples/sec: 211.21
2020-07-18 13:44:51,975 epoch 9 - iter 1215/1351 - loss 7.99476169 - samples/sec: 207.39
2020-07-18 13:45:12,617 epoch 9 - iter 1350/1351 - loss 7.90963950 - samples/sec: 209.52
2020-07-18 13:45:12,681 ----------------------------------------------------------------------------------------------------
2020-07-18 13:45:12,681 EPOCH 9 done: loss 7.9085 - lr 0.0500000
2020-07-18 13:45:16,255 DEV : loss 4.104878902435303 - score 0.6697
2020-07-18 13:45:16,282 BAD EPOCHS (no improvement): 0
2020-07-18 13:45:17,201 ----------------------------------------------------------------------------------------------------
2020-07-18 13:45:38,280 epoch 10 - iter 135/1351 - loss 7.24776058 - samples/sec: 205.01
2020-07-18 13:45:59,947 epoch 10 - iter 270/1351 - loss 7.44127161 - samples/sec: 199.59
2020-07-18 13:46:20,994 epoch 10 - iter 405/1351 - loss 7.39589540 - samples/sec: 205.48
2020-07-18 13:46:41,970 epoch 10 - iter 540/1351 - loss 7.31706564 - samples/sec: 206.18
2020-07-18 13:47:03,133 epoch 10 - iter 675/1351 - loss 7.29410261 - samples/sec: 204.34
2020-07-18 13:47:24,338 epoch 10 - iter 810/1351 - loss 7.27863346 - samples/sec: 203.95
2020-07-18 13:47:45,321 epoch 10 - iter 945/1351 - loss 7.25245188 - samples/sec: 206.11
2020-07-18 13:48:06,944 epoch 10 - iter 1080/1351 - loss 7.26519924 - samples/sec: 200.00
2020-07-18 13:48:27,552 epoch 10 - iter 1215/1351 - loss 7.25190548 - samples/sec: 209.85
2020-07-18 13:48:48,874 epoch 10 - iter 1350/1351 - loss 7.25141501 - samples/sec: 202.82
2020-07-18 13:48:48,934 ----------------------------------------------------------------------------------------------------
2020-07-18 13:48:48,934 EPOCH 10 done: loss 7.2512 - lr 0.0500000
2020-07-18 13:48:52,519 DEV : loss 4.492222309112549 - score 0.6416
2020-07-18 13:48:52,547 BAD EPOCHS (no improvement): 1
2020-07-18 13:48:52,547 ----------------------------------------------------------------------------------------------------
2020-07-18 13:49:14,468 epoch 11 - iter 135/1351 - loss 7.52649845 - samples/sec: 197.12
2020-07-18 13:49:34,991 epoch 11 - iter 270/1351 - loss 7.16366170 - samples/sec: 210.74
2020-07-18 13:49:55,444 epoch 11 - iter 405/1351 - loss 7.04859486 - samples/sec: 211.45
2020-07-18 13:50:16,389 epoch 11 - iter 540/1351 - loss 7.06667264 - samples/sec: 206.47
2020-07-18 13:50:37,641 epoch 11 - iter 675/1351 - loss 7.06643630 - samples/sec: 203.49
2020-07-18 13:50:59,605 epoch 11 - iter 810/1351 - loss 7.14502366 - samples/sec: 196.89
2020-07-18 13:51:21,123 epoch 11 - iter 945/1351 - loss 7.16272159 - samples/sec: 200.99
2020-07-18 13:51:41,844 epoch 11 - iter 1080/1351 - loss 7.13718204 - samples/sec: 208.72
2020-07-18 13:52:02,699 epoch 11 - iter 1215/1351 - loss 7.10296814 - samples/sec: 207.37
2020-07-18 13:52:24,456 epoch 11 - iter 1350/1351 - loss 7.10230837 - samples/sec: 198.76
2020-07-18 13:52:24,518 ----------------------------------------------------------------------------------------------------
2020-07-18 13:52:24,518 EPOCH 11 done: loss 7.1022 - lr 0.0500000
2020-07-18 13:52:28,132 DEV : loss 4.005357265472412 - score 0.6812
2020-07-18 13:52:28,160 BAD EPOCHS (no improvement): 0
2020-07-18 13:52:29,077 ----------------------------------------------------------------------------------------------------
2020-07-18 13:52:50,467 epoch 12 - iter 135/1351 - loss 7.38740041 - samples/sec: 202.03
2020-07-18 13:53:12,346 epoch 12 - iter 270/1351 - loss 7.33147551 - samples/sec: 197.66
2020-07-18 13:53:33,483 epoch 12 - iter 405/1351 - loss 7.22650778 - samples/sec: 204.60
2020-07-18 13:53:54,756 epoch 12 - iter 540/1351 - loss 7.24448169 - samples/sec: 203.28
2020-07-18 13:54:16,026 epoch 12 - iter 675/1351 - loss 7.18014325 - samples/sec: 203.32
2020-07-18 13:54:36,710 epoch 12 - iter 810/1351 - loss 7.12996499 - samples/sec: 209.07
2020-07-18 13:54:57,206 epoch 12 - iter 945/1351 - loss 7.06696537 - samples/sec: 211.01
2020-07-18 13:55:17,810 epoch 12 - iter 1080/1351 - loss 7.04008646 - samples/sec: 209.89
2020-07-18 13:55:39,308 epoch 12 - iter 1215/1351 - loss 7.05792553 - samples/sec: 201.16
2020-07-18 13:56:00,485 epoch 12 - iter 1350/1351 - loss 7.04363694 - samples/sec: 204.22
2020-07-18 13:56:00,546 ----------------------------------------------------------------------------------------------------
2020-07-18 13:56:00,546 EPOCH 12 done: loss 7.0429 - lr 0.0500000
2020-07-18 13:56:04,159 DEV : loss 4.073207855224609 - score 0.6197
2020-07-18 13:56:04,187 BAD EPOCHS (no improvement): 1
2020-07-18 13:56:04,187 ----------------------------------------------------------------------------------------------------
2020-07-18 13:56:25,066 epoch 13 - iter 135/1351 - loss 7.20813489 - samples/sec: 206.96
2020-07-18 13:56:45,776 epoch 13 - iter 270/1351 - loss 7.07005581 - samples/sec: 208.83
2020-07-18 13:57:07,083 epoch 13 - iter 405/1351 - loss 6.92485893 - samples/sec: 202.96
2020-07-18 13:57:27,607 epoch 13 - iter 540/1351 - loss 6.81252698 - samples/sec: 210.72
2020-07-18 13:57:48,823 epoch 13 - iter 675/1351 - loss 6.74335437 - samples/sec: 203.84
2020-07-18 13:58:10,781 epoch 13 - iter 810/1351 - loss 6.75331458 - samples/sec: 196.95
2020-07-18 13:58:31,600 epoch 13 - iter 945/1351 - loss 6.75782742 - samples/sec: 207.74
2020-07-18 13:58:52,936 epoch 13 - iter 1080/1351 - loss 6.73013411 - samples/sec: 202.69
2020-07-18 13:59:14,546 epoch 13 - iter 1215/1351 - loss 6.73983635 - samples/sec: 200.10
2020-07-18 13:59:35,826 epoch 13 - iter 1350/1351 - loss 6.72272037 - samples/sec: 203.22
2020-07-18 13:59:35,879 ----------------------------------------------------------------------------------------------------
2020-07-18 13:59:35,879 EPOCH 13 done: loss 6.7194 - lr 0.0500000
2020-07-18 13:59:39,492 DEV : loss 4.228088855743408 - score 0.6268
2020-07-18 13:59:39,519 BAD EPOCHS (no improvement): 2
2020-07-18 13:59:39,519 ----------------------------------------------------------------------------------------------------
2020-07-18 14:00:00,365 epoch 14 - iter 135/1351 - loss 6.63202568 - samples/sec: 207.30
2020-07-18 14:00:21,255 epoch 14 - iter 270/1351 - loss 6.46747669 - samples/sec: 207.03
2020-07-18 14:00:42,751 epoch 14 - iter 405/1351 - loss 6.55582745 - samples/sec: 201.19
2020-07-18 14:01:04,367 epoch 14 - iter 540/1351 - loss 6.57927912 - samples/sec: 200.07
2020-07-18 14:01:25,824 epoch 14 - iter 675/1351 - loss 6.56058970 - samples/sec: 201.54
2020-07-18 14:01:47,953 epoch 14 - iter 810/1351 - loss 6.61699995 - samples/sec: 195.42
2020-07-18 14:02:09,723 epoch 14 - iter 945/1351 - loss 6.59587379 - samples/sec: 198.66
2020-07-18 14:02:31,410 epoch 14 - iter 1080/1351 - loss 6.60601714 - samples/sec: 199.41
2020-07-18 14:02:52,070 epoch 14 - iter 1215/1351 - loss 6.56217119 - samples/sec: 209.32
2020-07-18 14:03:13,343 epoch 14 - iter 1350/1351 - loss 6.57271344 - samples/sec: 203.30
2020-07-18 14:03:13,409 ----------------------------------------------------------------------------------------------------
2020-07-18 14:03:13,410 EPOCH 14 done: loss 6.5744 - lr 0.0500000
2020-07-18 14:03:17,020 DEV : loss 3.7659225463867188 - score 0.6745
2020-07-18 14:03:17,047 BAD EPOCHS (no improvement): 3
2020-07-18 14:03:17,047 ----------------------------------------------------------------------------------------------------
2020-07-18 14:03:38,024 epoch 15 - iter 135/1351 - loss 6.55276111 - samples/sec: 206.00
2020-07-18 14:03:58,508 epoch 15 - iter 270/1351 - loss 6.38046916 - samples/sec: 211.13
2020-07-18 14:04:20,216 epoch 15 - iter 405/1351 - loss 6.42144636 - samples/sec: 199.21
2020-07-18 14:04:41,025 epoch 15 - iter 540/1351 - loss 6.42871597 - samples/sec: 207.84
2020-07-18 14:05:02,327 epoch 15 - iter 675/1351 - loss 6.45238898 - samples/sec: 203.01
2020-07-18 14:05:24,233 epoch 15 - iter 810/1351 - loss 6.51239498 - samples/sec: 197.41
2020-07-18 14:05:45,575 epoch 15 - iter 945/1351 - loss 6.53267242 - samples/sec: 202.65
2020-07-18 14:06:07,240 epoch 15 - iter 1080/1351 - loss 6.55131060 - samples/sec: 199.60
2020-07-18 14:06:28,666 epoch 15 - iter 1215/1351 - loss 6.55140802 - samples/sec: 201.84
2020-07-18 14:06:49,171 epoch 15 - iter 1350/1351 - loss 6.51439520 - samples/sec: 210.92
2020-07-18 14:06:49,238 ----------------------------------------------------------------------------------------------------
2020-07-18 14:06:49,238 EPOCH 15 done: loss 6.5161 - lr 0.0500000
2020-07-18 14:06:52,823 DEV : loss 3.716017723083496 - score 0.6811
2020-07-18 14:06:52,851 BAD EPOCHS (no improvement): 4
2020-07-18 14:06:52,851 ----------------------------------------------------------------------------------------------------
2020-07-18 14:07:13,384 epoch 16 - iter 135/1351 - loss 5.32719823 - samples/sec: 210.46
2020-07-18 14:07:34,029 epoch 16 - iter 270/1351 - loss 5.06256624 - samples/sec: 209.47
2020-07-18 14:07:54,963 epoch 16 - iter 405/1351 - loss 4.98072503 - samples/sec: 206.60
2020-07-18 14:08:15,718 epoch 16 - iter 540/1351 - loss 4.88093439 - samples/sec: 208.38
2020-07-18 14:08:37,043 epoch 16 - iter 675/1351 - loss 4.86268760 - samples/sec: 202.79
2020-07-18 14:08:58,484 epoch 16 - iter 810/1351 - loss 4.85684004 - samples/sec: 201.71
2020-07-18 14:09:19,989 epoch 16 - iter 945/1351 - loss 4.86478585 - samples/sec: 201.11
2020-07-18 14:09:41,627 epoch 16 - iter 1080/1351 - loss 4.86928222 - samples/sec: 199.87
2020-07-18 14:10:02,422 epoch 16 - iter 1215/1351 - loss 4.84145521 - samples/sec: 207.97
2020-07-18 14:10:23,343 epoch 16 - iter 1350/1351 - loss 4.82350526 - samples/sec: 206.70
2020-07-18 14:10:23,412 ----------------------------------------------------------------------------------------------------
2020-07-18 14:10:23,412 EPOCH 16 done: loss 4.8250 - lr 0.0250000
2020-07-18 14:10:26,997 DEV : loss 3.076106309890747 - score 0.7104
2020-07-18 14:10:27,025 BAD EPOCHS (no improvement): 0
2020-07-18 14:10:27,973 ----------------------------------------------------------------------------------------------------
2020-07-18 14:10:48,953 epoch 17 - iter 135/1351 - loss 4.73501012 - samples/sec: 205.99
2020-07-18 14:11:10,208 epoch 17 - iter 270/1351 - loss 4.76384584 - samples/sec: 203.47
2020-07-18 14:11:30,937 epoch 17 - iter 405/1351 - loss 4.68926661 - samples/sec: 208.63
2020-07-18 14:11:51,889 epoch 17 - iter 540/1351 - loss 4.71180514 - samples/sec: 206.40
2020-07-18 14:12:12,571 epoch 17 - iter 675/1351 - loss 4.69484615 - samples/sec: 209.11
2020-07-18 14:12:33,110 epoch 17 - iter 810/1351 - loss 4.66119415 - samples/sec: 210.56
2020-07-18 14:12:56,289 epoch 17 - iter 945/1351 - loss 4.75250673 - samples/sec: 186.56
2020-07-18 14:13:17,854 epoch 17 - iter 1080/1351 - loss 4.75304324 - samples/sec: 200.53
2020-07-18 14:13:38,334 epoch 17 - iter 1215/1351 - loss 4.71163619 - samples/sec: 211.17
2020-07-18 14:13:58,992 epoch 17 - iter 1350/1351 - loss 4.68528121 - samples/sec: 209.35
2020-07-18 14:13:59,047 ----------------------------------------------------------------------------------------------------
2020-07-18 14:13:59,047 EPOCH 17 done: loss 4.6839 - lr 0.0250000
2020-07-18 14:14:02,657 DEV : loss 2.92648983001709 - score 0.7272
2020-07-18 14:14:02,685 BAD EPOCHS (no improvement): 0
2020-07-18 14:14:03,622 ----------------------------------------------------------------------------------------------------
2020-07-18 14:14:24,214 epoch 18 - iter 135/1351 - loss 4.46559153 - samples/sec: 209.87
2020-07-18 14:14:45,430 epoch 18 - iter 270/1351 - loss 4.57575048 - samples/sec: 203.84
2020-07-18 14:15:07,049 epoch 18 - iter 405/1351 - loss 4.69317295 - samples/sec: 200.03
2020-07-18 14:15:29,041 epoch 18 - iter 540/1351 - loss 4.74204870 - samples/sec: 196.63
2020-07-18 14:15:50,255 epoch 18 - iter 675/1351 - loss 4.73640559 - samples/sec: 203.87
2020-07-18 14:16:11,494 epoch 18 - iter 810/1351 - loss 4.73441626 - samples/sec: 203.62
2020-07-18 14:16:32,054 epoch 18 - iter 945/1351 - loss 4.69105318 - samples/sec: 210.35
2020-07-18 14:16:52,685 epoch 18 - iter 1080/1351 - loss 4.67015025 - samples/sec: 209.62
2020-07-18 14:17:14,061 epoch 18 - iter 1215/1351 - loss 4.67001899 - samples/sec: 202.31
2020-07-18 14:17:34,661 epoch 18 - iter 1350/1351 - loss 4.65986852 - samples/sec: 209.94
2020-07-18 14:17:34,722 ----------------------------------------------------------------------------------------------------
2020-07-18 14:17:34,722 EPOCH 18 done: loss 4.6614 - lr 0.0250000
2020-07-18 14:17:38,304 DEV : loss 3.1631417274475098 - score 0.7165
2020-07-18 14:17:38,331 BAD EPOCHS (no improvement): 1
2020-07-18 14:17:38,331 ----------------------------------------------------------------------------------------------------
2020-07-18 14:17:58,967 epoch 19 - iter 135/1351 - loss 4.60514461 - samples/sec: 209.41
2020-07-18 14:18:19,490 epoch 19 - iter 270/1351 - loss 4.60758028 - samples/sec: 210.73
2020-07-18 14:18:41,216 epoch 19 - iter 405/1351 - loss 4.70275665 - samples/sec: 199.04
2020-07-18 14:19:03,068 epoch 19 - iter 540/1351 - loss 4.74121613 - samples/sec: 197.90
2020-07-18 14:19:23,506 epoch 19 - iter 675/1351 - loss 4.68696207 - samples/sec: 211.61
2020-07-18 14:19:44,581 epoch 19 - iter 810/1351 - loss 4.68915383 - samples/sec: 205.21
2020-07-18 14:20:06,466 epoch 19 - iter 945/1351 - loss 4.69827291 - samples/sec: 197.59
2020-07-18 14:20:28,147 epoch 19 - iter 1080/1351 - loss 4.72056502 - samples/sec: 199.46
2020-07-18 14:20:48,784 epoch 19 - iter 1215/1351 - loss 4.71006043 - samples/sec: 209.56
2020-07-18 14:21:09,788 epoch 19 - iter 1350/1351 - loss 4.71334878 - samples/sec: 205.90
2020-07-18 14:21:09,862 ----------------------------------------------------------------------------------------------------
2020-07-18 14:21:09,862 EPOCH 19 done: loss 4.7141 - lr 0.0250000
2020-07-18 14:21:13,444 DEV : loss 3.051872968673706 - score 0.7127
2020-07-18 14:21:13,472 BAD EPOCHS (no improvement): 2
2020-07-18 14:21:13,472 ----------------------------------------------------------------------------------------------------
2020-07-18 14:21:34,003 epoch 20 - iter 135/1351 - loss 4.55210182 - samples/sec: 210.48
2020-07-18 14:21:55,412 epoch 20 - iter 270/1351 - loss 4.69285505 - samples/sec: 202.00
2020-07-18 14:22:16,706 epoch 20 - iter 405/1351 - loss 4.71548629 - samples/sec: 203.08
2020-07-18 14:22:37,031 epoch 20 - iter 540/1351 - loss 4.60939062 - samples/sec: 212.77
2020-07-18 14:22:58,724 epoch 20 - iter 675/1351 - loss 4.64196555 - samples/sec: 199.35
2020-07-18 14:23:19,557 epoch 20 - iter 810/1351 - loss 4.63437122 - samples/sec: 207.60
2020-07-18 14:23:40,505 epoch 20 - iter 945/1351 - loss 4.63294087 - samples/sec: 206.44
2020-07-18 14:24:01,211 epoch 20 - iter 1080/1351 - loss 4.61159638 - samples/sec: 208.87
2020-07-18 14:24:22,422 epoch 20 - iter 1215/1351 - loss 4.61750235 - samples/sec: 203.90
2020-07-18 14:24:44,261 epoch 20 - iter 1350/1351 - loss 4.63583064 - samples/sec: 198.02
2020-07-18 14:24:44,329 ----------------------------------------------------------------------------------------------------
2020-07-18 14:24:44,329 EPOCH 20 done: loss 4.6362 - lr 0.0250000
2020-07-18 14:24:47,905 DEV : loss 3.055166482925415 - score 0.7085
2020-07-18 14:24:47,933 BAD EPOCHS (no improvement): 3
2020-07-18 14:24:47,933 ----------------------------------------------------------------------------------------------------
2020-07-18 14:25:08,324 epoch 21 - iter 135/1351 - loss 4.45100962 - samples/sec: 211.92
2020-07-18 14:25:29,514 epoch 21 - iter 270/1351 - loss 4.53330211 - samples/sec: 204.09
2020-07-18 14:25:50,674 epoch 21 - iter 405/1351 - loss 4.59139901 - samples/sec: 204.36
2020-07-18 14:26:11,344 epoch 21 - iter 540/1351 - loss 4.60474262 - samples/sec: 209.23
2020-07-18 14:26:32,166 epoch 21 - iter 675/1351 - loss 4.61250502 - samples/sec: 207.69
2020-07-18 14:26:54,710 epoch 21 - iter 810/1351 - loss 4.69348928 - samples/sec: 191.82
2020-07-18 14:27:15,143 epoch 21 - iter 945/1351 - loss 4.65954751 - samples/sec: 211.66
2020-07-18 14:27:37,043 epoch 21 - iter 1080/1351 - loss 4.69468961 - samples/sec: 197.47
2020-07-18 14:27:57,907 epoch 21 - iter 1215/1351 - loss 4.68957868 - samples/sec: 207.26
2020-07-18 14:28:18,554 epoch 21 - iter 1350/1351 - loss 4.68659298 - samples/sec: 209.46
2020-07-18 14:28:18,615 ----------------------------------------------------------------------------------------------------
2020-07-18 14:28:18,615 EPOCH 21 done: loss 4.6842 - lr 0.0250000
2020-07-18 14:28:22,187 DEV : loss 2.9488065242767334 - score 0.715
2020-07-18 14:28:22,214 BAD EPOCHS (no improvement): 4
2020-07-18 14:28:22,215 ----------------------------------------------------------------------------------------------------
2020-07-18 14:28:43,770 epoch 22 - iter 135/1351 - loss 4.26485808 - samples/sec: 200.47
2020-07-18 14:29:04,911 epoch 22 - iter 270/1351 - loss 4.17495735 - samples/sec: 204.55
2020-07-18 14:29:27,026 epoch 22 - iter 405/1351 - loss 4.16244339 - samples/sec: 195.55
2020-07-18 14:29:47,833 epoch 22 - iter 540/1351 - loss 4.11458491 - samples/sec: 207.85
2020-07-18 14:30:08,447 epoch 22 - iter 675/1351 - loss 4.06778417 - samples/sec: 209.80
2020-07-18 14:30:29,101 epoch 22 - iter 810/1351 - loss 4.03910127 - samples/sec: 209.40
2020-07-18 14:30:50,425 epoch 22 - iter 945/1351 - loss 4.02637992 - samples/sec: 202.81
2020-07-18 14:31:11,554 epoch 22 - iter 1080/1351 - loss 4.02044820 - samples/sec: 204.67
2020-07-18 14:31:32,164 epoch 22 - iter 1215/1351 - loss 4.00218732 - samples/sec: 209.83
2020-07-18 14:31:52,814 epoch 22 - iter 1350/1351 - loss 3.99707381 - samples/sec: 209.41
2020-07-18 14:31:52,875 ----------------------------------------------------------------------------------------------------
2020-07-18 14:31:52,875 EPOCH 22 done: loss 3.9973 - lr 0.0125000
2020-07-18 14:31:56,454 DEV : loss 2.6366848945617676 - score 0.7456
2020-07-18 14:31:56,482 BAD EPOCHS (no improvement): 0
2020-07-18 14:31:57,415 ----------------------------------------------------------------------------------------------------
2020-07-18 14:32:17,849 epoch 23 - iter 135/1351 - loss 3.82814242 - samples/sec: 211.49
2020-07-18 14:32:38,819 epoch 23 - iter 270/1351 - loss 3.85290205 - samples/sec: 206.23
2020-07-18 14:32:59,267 epoch 23 - iter 405/1351 - loss 3.82512566 - samples/sec: 211.49
2020-07-18 14:33:19,954 epoch 23 - iter 540/1351 - loss 3.82739541 - samples/sec: 209.04
2020-07-18 14:33:40,423 epoch 23 - iter 675/1351 - loss 3.83644136 - samples/sec: 211.27
2020-07-18 14:34:03,010 epoch 23 - iter 810/1351 - loss 3.90697827 - samples/sec: 191.46
2020-07-18 14:34:25,553 epoch 23 - iter 945/1351 - loss 3.94898397 - samples/sec: 191.83
2020-07-18 14:34:46,057 epoch 23 - iter 1080/1351 - loss 3.92523947 - samples/sec: 210.92
2020-07-18 14:35:07,367 epoch 23 - iter 1215/1351 - loss 3.93527085 - samples/sec: 202.94
2020-07-18 14:35:28,652 epoch 23 - iter 1350/1351 - loss 3.94392678 - samples/sec: 203.16
2020-07-18 14:35:28,720 ----------------------------------------------------------------------------------------------------
2020-07-18 14:35:28,720 EPOCH 23 done: loss 3.9436 - lr 0.0125000
2020-07-18 14:35:32,327 DEV : loss 2.6554272174835205 - score 0.7411
2020-07-18 14:35:32,354 BAD EPOCHS (no improvement): 1
2020-07-18 14:35:32,354 ----------------------------------------------------------------------------------------------------
2020-07-18 14:35:53,484 epoch 24 - iter 135/1351 - loss 4.06296211 - samples/sec: 204.52
2020-07-18 14:36:14,474 epoch 24 - iter 270/1351 - loss 3.99260152 - samples/sec: 206.03
2020-07-18 14:36:36,247 epoch 24 - iter 405/1351 - loss 4.01845660 - samples/sec: 198.62
2020-07-18 14:36:56,820 epoch 24 - iter 540/1351 - loss 3.95445367 - samples/sec: 210.22
2020-07-18 14:37:17,524 epoch 24 - iter 675/1351 - loss 3.94795786 - samples/sec: 208.89
2020-07-18 14:37:38,966 epoch 24 - iter 810/1351 - loss 3.95334005 - samples/sec: 201.69
2020-07-18 14:37:59,380 epoch 24 - iter 945/1351 - loss 3.92780035 - samples/sec: 211.86
2020-07-18 14:38:20,135 epoch 24 - iter 1080/1351 - loss 3.92361112 - samples/sec: 208.38
2020-07-18 14:38:42,218 epoch 24 - iter 1215/1351 - loss 3.94184336 - samples/sec: 195.81
2020-07-18 14:39:03,371 epoch 24 - iter 1350/1351 - loss 3.94770512 - samples/sec: 204.46
2020-07-18 14:39:03,430 ----------------------------------------------------------------------------------------------------
2020-07-18 14:39:03,430 EPOCH 24 done: loss 3.9479 - lr 0.0125000
2020-07-18 14:39:07,034 DEV : loss 2.5778720378875732 - score 0.7504
2020-07-18 14:39:07,061 BAD EPOCHS (no improvement): 0
2020-07-18 14:39:07,985 ----------------------------------------------------------------------------------------------------
2020-07-18 14:39:28,689 epoch 25 - iter 135/1351 - loss 3.84524401 - samples/sec: 208.73
2020-07-18 14:39:50,264 epoch 25 - iter 270/1351 - loss 3.95610839 - samples/sec: 200.45
2020-07-18 14:40:11,370 epoch 25 - iter 405/1351 - loss 3.94360548 - samples/sec: 204.91
2020-07-18 14:40:32,031 epoch 25 - iter 540/1351 - loss 3.90979474 - samples/sec: 209.32
2020-07-18 14:40:53,147 epoch 25 - iter 675/1351 - loss 3.90871357 - samples/sec: 204.80
2020-07-18 14:41:14,866 epoch 25 - iter 810/1351 - loss 3.93351648 - samples/sec: 199.10
2020-07-18 14:41:35,467 epoch 25 - iter 945/1351 - loss 3.91419313 - samples/sec: 209.93
2020-07-18 14:41:56,295 epoch 25 - iter 1080/1351 - loss 3.91374966 - samples/sec: 207.65
2020-07-18 14:42:18,655 epoch 25 - iter 1215/1351 - loss 3.94644723 - samples/sec: 193.38
2020-07-18 14:42:39,443 epoch 25 - iter 1350/1351 - loss 3.94136404 - samples/sec: 208.05
2020-07-18 14:42:39,506 ----------------------------------------------------------------------------------------------------
2020-07-18 14:42:39,507 EPOCH 25 done: loss 3.9407 - lr 0.0125000
2020-07-18 14:42:43,109 DEV : loss 2.656224012374878 - score 0.7545
2020-07-18 14:42:43,136 BAD EPOCHS (no improvement): 0
2020-07-18 14:42:45,253 ----------------------------------------------------------------------------------------------------
2020-07-18 14:43:05,861 epoch 26 - iter 135/1351 - loss 3.82877086 - samples/sec: 209.75
2020-07-18 14:43:26,948 epoch 26 - iter 270/1351 - loss 3.87296069 - samples/sec: 205.08
2020-07-18 14:43:48,303 epoch 26 - iter 405/1351 - loss 3.92692594 - samples/sec: 202.49
2020-07-18 14:44:09,363 epoch 26 - iter 540/1351 - loss 3.90681913 - samples/sec: 205.35
2020-07-18 14:44:31,181 epoch 26 - iter 675/1351 - loss 3.95339993 - samples/sec: 198.20
2020-07-18 14:44:52,417 epoch 26 - iter 810/1351 - loss 3.93822197 - samples/sec: 203.64
2020-07-18 14:45:13,131 epoch 26 - iter 945/1351 - loss 3.92336168 - samples/sec: 208.80
2020-07-18 14:45:34,430 epoch 26 - iter 1080/1351 - loss 3.92787915 - samples/sec: 203.02
2020-07-18 14:45:55,649 epoch 26 - iter 1215/1351 - loss 3.92971134 - samples/sec: 203.81
2020-07-18 14:46:16,516 epoch 26 - iter 1350/1351 - loss 3.92452356 - samples/sec: 207.26
2020-07-18 14:46:16,578 ----------------------------------------------------------------------------------------------------
2020-07-18 14:46:16,578 EPOCH 26 done: loss 3.9254 - lr 0.0125000
2020-07-18 14:46:20,158 DEV : loss 2.7269487380981445 - score 0.7385
2020-07-18 14:46:20,186 BAD EPOCHS (no improvement): 1
2020-07-18 14:46:20,186 ----------------------------------------------------------------------------------------------------
2020-07-18 14:46:41,209 epoch 27 - iter 135/1351 - loss 3.96196030 - samples/sec: 205.55
2020-07-18 14:47:02,493 epoch 27 - iter 270/1351 - loss 3.92818497 - samples/sec: 203.19
2020-07-18 14:47:23,631 epoch 27 - iter 405/1351 - loss 3.93394811 - samples/sec: 204.59
2020-07-18 14:47:44,897 epoch 27 - iter 540/1351 - loss 3.95063509 - samples/sec: 203.36
2020-07-18 14:48:05,968 epoch 27 - iter 675/1351 - loss 3.93502512 - samples/sec: 205.23
2020-07-18 14:48:26,878 epoch 27 - iter 810/1351 - loss 3.93031855 - samples/sec: 206.84
2020-07-18 14:48:47,706 epoch 27 - iter 945/1351 - loss 3.92555202 - samples/sec: 207.62
2020-07-18 14:49:08,197 epoch 27 - iter 1080/1351 - loss 3.91408318 - samples/sec: 211.06
2020-07-18 14:49:29,480 epoch 27 - iter 1215/1351 - loss 3.91588304 - samples/sec: 203.21
2020-07-18 14:49:50,594 epoch 27 - iter 1350/1351 - loss 3.91967949 - samples/sec: 204.81
2020-07-18 14:49:50,666 ----------------------------------------------------------------------------------------------------
2020-07-18 14:49:50,666 EPOCH 27 done: loss 3.9214 - lr 0.0125000
2020-07-18 14:49:54,246 DEV : loss 2.6516366004943848 - score 0.7556
2020-07-18 14:49:54,274 BAD EPOCHS (no improvement): 0
2020-07-18 14:49:55,193 ----------------------------------------------------------------------------------------------------
2020-07-18 14:50:15,646 epoch 28 - iter 135/1351 - loss 3.77862020 - samples/sec: 211.29
2020-07-18 14:50:36,930 epoch 28 - iter 270/1351 - loss 3.84825680 - samples/sec: 203.18
2020-07-18 14:50:59,159 epoch 28 - iter 405/1351 - loss 3.93716275 - samples/sec: 194.54
2020-07-18 14:51:20,254 epoch 28 - iter 540/1351 - loss 3.94279232 - samples/sec: 205.02
2020-07-18 14:51:41,550 epoch 28 - iter 675/1351 - loss 3.93520572 - samples/sec: 203.08
2020-07-18 14:52:02,231 epoch 28 - iter 810/1351 - loss 3.90760008 - samples/sec: 209.13
2020-07-18 14:52:23,105 epoch 28 - iter 945/1351 - loss 3.90180193 - samples/sec: 207.19
2020-07-18 14:52:44,405 epoch 28 - iter 1080/1351 - loss 3.88648000 - samples/sec: 203.05
2020-07-18 14:53:05,966 epoch 28 - iter 1215/1351 - loss 3.90018899 - samples/sec: 200.58
2020-07-18 14:53:26,780 epoch 28 - iter 1350/1351 - loss 3.90076915 - samples/sec: 207.79
2020-07-18 14:53:26,841 ----------------------------------------------------------------------------------------------------
2020-07-18 14:53:26,841 EPOCH 28 done: loss 3.9001 - lr 0.0125000
2020-07-18 14:53:30,421 DEV : loss 2.647080659866333 - score 0.748
2020-07-18 14:53:30,449 BAD EPOCHS (no improvement): 1
2020-07-18 14:53:30,449 ----------------------------------------------------------------------------------------------------
2020-07-18 14:53:51,829 epoch 29 - iter 135/1351 - loss 3.91728754 - samples/sec: 202.11
2020-07-18 14:54:12,362 epoch 29 - iter 270/1351 - loss 3.83038699 - samples/sec: 210.64
2020-07-18 14:54:33,129 epoch 29 - iter 405/1351 - loss 3.83311504 - samples/sec: 208.26
2020-07-18 14:54:54,570 epoch 29 - iter 540/1351 - loss 3.86139896 - samples/sec: 201.70
2020-07-18 14:55:15,954 epoch 29 - iter 675/1351 - loss 3.89037836 - samples/sec: 202.24
2020-07-18 14:55:36,674 epoch 29 - iter 810/1351 - loss 3.88263530 - samples/sec: 208.73
2020-07-18 14:55:57,899 epoch 29 - iter 945/1351 - loss 3.87372168 - samples/sec: 203.73
2020-07-18 14:56:18,370 epoch 29 - iter 1080/1351 - loss 3.85014576 - samples/sec: 211.25
2020-07-18 14:56:40,932 epoch 29 - iter 1215/1351 - loss 3.89547117 - samples/sec: 191.66
2020-07-18 14:57:01,785 epoch 29 - iter 1350/1351 - loss 3.88015381 - samples/sec: 207.39
2020-07-18 14:57:01,866 ----------------------------------------------------------------------------------------------------
2020-07-18 14:57:01,866 EPOCH 29 done: loss 3.8815 - lr 0.0125000
2020-07-18 14:57:05,474 DEV : loss 2.5829930305480957 - score 0.7497
2020-07-18 14:57:05,502 BAD EPOCHS (no improvement): 2
2020-07-18 14:57:05,502 ----------------------------------------------------------------------------------------------------
2020-07-18 14:57:26,325 epoch 30 - iter 135/1351 - loss 3.74874843 - samples/sec: 207.53
2020-07-18 14:57:47,209 epoch 30 - iter 270/1351 - loss 3.80535663 - samples/sec: 207.08
2020-07-18 14:58:07,844 epoch 30 - iter 405/1351 - loss 3.80131041 - samples/sec: 209.58
2020-07-18 14:58:30,771 epoch 30 - iter 540/1351 - loss 3.92213402 - samples/sec: 188.60
2020-07-18 14:58:52,243 epoch 30 - iter 675/1351 - loss 3.92522783 - samples/sec: 201.40
2020-07-18 14:59:12,861 epoch 30 - iter 810/1351 - loss 3.89731109 - samples/sec: 209.76
2020-07-18 14:59:34,164 epoch 30 - iter 945/1351 - loss 3.89486518 - samples/sec: 203.01
2020-07-18 14:59:55,423 epoch 30 - iter 1080/1351 - loss 3.89290022 - samples/sec: 203.43
2020-07-18 15:00:16,301 epoch 30 - iter 1215/1351 - loss 3.88085161 - samples/sec: 207.14
2020-07-18 15:00:36,819 epoch 30 - iter 1350/1351 - loss 3.87171436 - samples/sec: 210.79
2020-07-18 15:00:36,877 ----------------------------------------------------------------------------------------------------
2020-07-18 15:00:36,878 EPOCH 30 done: loss 3.8698 - lr 0.0125000
2020-07-18 15:00:40,490 DEV : loss 2.63931941986084 - score 0.7507
2020-07-18 15:00:40,518 BAD EPOCHS (no improvement): 3
2020-07-18 15:00:41,329 ----------------------------------------------------------------------------------------------------
2020-07-18 15:00:41,329 Testing using best model ...
2020-07-18 15:00:41,330 loading file resources/taggers/flairpos2/best-model.pt
2020-07-18 15:00:47,816 	0.7293
2020-07-18 15:00:47,816 
Results:
- F-score (micro) 0.7293
- F-score (macro) 0.4502
- Accuracy 0.7293

By class:
              precision    recall  f1-score   support

           V     0.6240    0.6358    0.6298      2573
           N     0.7219    0.8211    0.7683      5222
          NE     0.7640    0.6575    0.7068      1965
          AJ     1.0000    0.0000    0.0000       166
           O     0.8873    0.8356    0.8607      1046
          NU     0.9716    0.8012    0.8782       513
          AV     0.0000    0.0000    0.0000        29
         CNJ     0.9474    0.4865    0.6429        37
         DET     1.0000    0.0079    0.0157       126
           J     1.0000    0.0000    0.0000         6

    accuracy                         0.7293     11683
   macro avg     0.7916    0.4246    0.4502     11683
weighted avg     0.7392    0.7293    0.7188     11683

2020-07-18 15:00:47,816 ----------------------------------------------------------------------------------------------------
