2020-07-19 00:24:47,707 ----------------------------------------------------------------------------------------------------
2020-07-19 00:24:47,707 Model: "SequenceTagger(
  (embeddings): StackedEmbeddings(
    (list_embedding_0): WordEmbeddings('word2vec50')
    (list_embedding_1): CharacterEmbeddings(
      (char_embedding): Embedding(275, 25)
      (char_rnn): LSTM(25, 25, bidirectional=True)
    )
  )
  (word_dropout): WordDropout(p=0.05)
  (locked_dropout): LockedDropout(p=0.5)
  (embedding2nn): Linear(in_features=100, out_features=100, bias=True)
  (rnn): LSTM(100, 64, batch_first=True, bidirectional=True)
  (linear): Linear(in_features=128, out_features=16, bias=True)
  (beta): 1.0
  (weights): None
  (weight_tensor) None
)"
2020-07-19 00:24:47,707 ----------------------------------------------------------------------------------------------------
2020-07-19 00:24:47,708 Corpus: "Corpus: 43206 train + 2000 dev + 3000 test sentences"
2020-07-19 00:24:47,708 ----------------------------------------------------------------------------------------------------
2020-07-19 00:24:47,708 Parameters:
2020-07-19 00:24:47,708  - learning_rate: "0.1"
2020-07-19 00:24:47,708  - mini_batch_size: "32"
2020-07-19 00:24:47,708  - patience: "3"
2020-07-19 00:24:47,708  - anneal_factor: "0.5"
2020-07-19 00:24:47,708  - max_epochs: "50"
2020-07-19 00:24:47,708  - shuffle: "True"
2020-07-19 00:24:47,708  - train_with_dev: "False"
2020-07-19 00:24:47,708  - batch_growth_annealing: "False"
2020-07-19 00:24:47,708 ----------------------------------------------------------------------------------------------------
2020-07-19 00:24:47,708 Model training base path: "resources/taggers/flairNer2"
2020-07-19 00:24:47,708 ----------------------------------------------------------------------------------------------------
2020-07-19 00:24:47,708 Device: cuda:0
2020-07-19 00:24:47,708 ----------------------------------------------------------------------------------------------------
2020-07-19 00:24:47,708 Embeddings storage mode: cpu
2020-07-19 00:24:47,708 ----------------------------------------------------------------------------------------------------
2020-07-19 00:25:08,973 epoch 1 - iter 135/1351 - loss 3.41251861 - samples/sec: 203.21
2020-07-19 00:25:30,330 epoch 1 - iter 270/1351 - loss 3.34642853 - samples/sec: 202.46
2020-07-19 00:25:51,807 epoch 1 - iter 405/1351 - loss 3.26064183 - samples/sec: 201.30
2020-07-19 00:26:12,535 epoch 1 - iter 540/1351 - loss 3.21076259 - samples/sec: 208.59
2020-07-19 00:26:33,326 epoch 1 - iter 675/1351 - loss 3.10606283 - samples/sec: 207.94
2020-07-19 00:26:54,150 epoch 1 - iter 810/1351 - loss 3.01749862 - samples/sec: 207.63
2020-07-19 00:27:14,638 epoch 1 - iter 945/1351 - loss 2.95173862 - samples/sec: 211.02
2020-07-19 00:27:35,621 epoch 1 - iter 1080/1351 - loss 2.92068623 - samples/sec: 206.03
2020-07-19 00:27:56,390 epoch 1 - iter 1215/1351 - loss 2.89959940 - samples/sec: 208.17
2020-07-19 00:28:17,034 epoch 1 - iter 1350/1351 - loss 2.88826400 - samples/sec: 209.42
2020-07-19 00:28:17,097 ----------------------------------------------------------------------------------------------------
2020-07-19 00:28:17,097 EPOCH 1 done: loss 2.8895 - lr 0.1000000
2020-07-19 00:28:20,972 DEV : loss 2.148991823196411 - score 0.8245
2020-07-19 00:28:20,992 BAD EPOCHS (no improvement): 0
2020-07-19 00:28:21,753 ----------------------------------------------------------------------------------------------------
2020-07-19 00:28:42,372 epoch 2 - iter 135/1351 - loss 2.68373816 - samples/sec: 209.58
2020-07-19 00:29:03,279 epoch 2 - iter 270/1351 - loss 2.65184053 - samples/sec: 206.80
2020-07-19 00:29:24,641 epoch 2 - iter 405/1351 - loss 2.73266893 - samples/sec: 202.39
2020-07-19 00:29:46,870 epoch 2 - iter 540/1351 - loss 2.77922993 - samples/sec: 194.49
2020-07-19 00:30:08,536 epoch 2 - iter 675/1351 - loss 2.80694101 - samples/sec: 199.53
2020-07-19 00:30:29,195 epoch 2 - iter 810/1351 - loss 2.77702766 - samples/sec: 209.28
2020-07-19 00:30:50,772 epoch 2 - iter 945/1351 - loss 2.78756849 - samples/sec: 200.37
2020-07-19 00:31:11,993 epoch 2 - iter 1080/1351 - loss 2.81537910 - samples/sec: 203.73
2020-07-19 00:31:33,373 epoch 2 - iter 1215/1351 - loss 2.80710556 - samples/sec: 202.22
2020-07-19 00:31:54,243 epoch 2 - iter 1350/1351 - loss 2.79210162 - samples/sec: 207.17
2020-07-19 00:31:54,295 ----------------------------------------------------------------------------------------------------
2020-07-19 00:31:54,295 EPOCH 2 done: loss 2.7917 - lr 0.1000000
2020-07-19 00:31:57,768 DEV : loss 2.3662774562835693 - score 0.8263
2020-07-19 00:31:57,789 BAD EPOCHS (no improvement): 0
2020-07-19 00:31:58,608 ----------------------------------------------------------------------------------------------------
2020-07-19 00:32:19,038 epoch 3 - iter 135/1351 - loss 2.54628684 - samples/sec: 211.53
2020-07-19 00:32:40,724 epoch 3 - iter 270/1351 - loss 2.61060916 - samples/sec: 199.37
2020-07-19 00:33:01,681 epoch 3 - iter 405/1351 - loss 2.59712521 - samples/sec: 206.30
2020-07-19 00:33:22,316 epoch 3 - iter 540/1351 - loss 2.60012543 - samples/sec: 209.50
2020-07-19 00:33:43,580 epoch 3 - iter 675/1351 - loss 2.63036641 - samples/sec: 203.31
2020-07-19 00:34:05,160 epoch 3 - iter 810/1351 - loss 2.67379803 - samples/sec: 200.34
2020-07-19 00:34:26,435 epoch 3 - iter 945/1351 - loss 2.68052201 - samples/sec: 203.23
2020-07-19 00:34:47,078 epoch 3 - iter 1080/1351 - loss 2.67562639 - samples/sec: 209.43
2020-07-19 00:35:08,713 epoch 3 - iter 1215/1351 - loss 2.69695871 - samples/sec: 199.84
2020-07-19 00:35:30,286 epoch 3 - iter 1350/1351 - loss 2.70475373 - samples/sec: 200.40
2020-07-19 00:35:30,342 ----------------------------------------------------------------------------------------------------
2020-07-19 00:35:30,342 EPOCH 3 done: loss 2.7064 - lr 0.1000000
2020-07-19 00:35:33,812 DEV : loss 2.024667739868164 - score 0.8416
2020-07-19 00:35:33,832 BAD EPOCHS (no improvement): 0
2020-07-19 00:35:34,658 ----------------------------------------------------------------------------------------------------
2020-07-19 00:35:55,972 epoch 4 - iter 135/1351 - loss 2.85585962 - samples/sec: 202.75
2020-07-19 00:36:17,918 epoch 4 - iter 270/1351 - loss 2.87705061 - samples/sec: 196.99
2020-07-19 00:36:39,261 epoch 4 - iter 405/1351 - loss 2.85521300 - samples/sec: 202.57
2020-07-19 00:37:00,038 epoch 4 - iter 540/1351 - loss 2.85659213 - samples/sec: 208.08
2020-07-19 00:37:21,073 epoch 4 - iter 675/1351 - loss 2.84841166 - samples/sec: 205.53
2020-07-19 00:37:42,062 epoch 4 - iter 810/1351 - loss 2.86244660 - samples/sec: 205.99
2020-07-19 00:38:02,896 epoch 4 - iter 945/1351 - loss 2.85575472 - samples/sec: 207.51
2020-07-19 00:38:23,274 epoch 4 - iter 1080/1351 - loss 2.83662289 - samples/sec: 212.16
2020-07-19 00:38:44,239 epoch 4 - iter 1215/1351 - loss 2.80790375 - samples/sec: 206.23
2020-07-19 00:39:05,917 epoch 4 - iter 1350/1351 - loss 2.80668894 - samples/sec: 199.43
2020-07-19 00:39:05,974 ----------------------------------------------------------------------------------------------------
2020-07-19 00:39:05,974 EPOCH 4 done: loss 2.8071 - lr 0.1000000
2020-07-19 00:39:09,458 DEV : loss 1.9427852630615234 - score 0.8645
2020-07-19 00:39:09,479 BAD EPOCHS (no improvement): 0
2020-07-19 00:39:10,340 ----------------------------------------------------------------------------------------------------
2020-07-19 00:39:32,244 epoch 5 - iter 135/1351 - loss 2.97110483 - samples/sec: 197.29
2020-07-19 00:39:53,027 epoch 5 - iter 270/1351 - loss 2.76686434 - samples/sec: 208.02
2020-07-19 00:40:14,261 epoch 5 - iter 405/1351 - loss 2.69271707 - samples/sec: 203.88
2020-07-19 00:40:34,703 epoch 5 - iter 540/1351 - loss 2.63827214 - samples/sec: 211.50
2020-07-19 00:40:55,871 epoch 5 - iter 675/1351 - loss 2.61963958 - samples/sec: 204.25
2020-07-19 00:41:16,648 epoch 5 - iter 810/1351 - loss 2.58578945 - samples/sec: 208.09
2020-07-19 00:41:37,742 epoch 5 - iter 945/1351 - loss 2.59144888 - samples/sec: 204.94
2020-07-19 00:41:58,993 epoch 5 - iter 1080/1351 - loss 2.59898280 - samples/sec: 203.45
2020-07-19 00:42:20,487 epoch 5 - iter 1215/1351 - loss 2.60550915 - samples/sec: 201.13
2020-07-19 00:42:41,726 epoch 5 - iter 1350/1351 - loss 2.60310269 - samples/sec: 203.57
2020-07-19 00:42:41,779 ----------------------------------------------------------------------------------------------------
2020-07-19 00:42:41,779 EPOCH 5 done: loss 2.6015 - lr 0.1000000
2020-07-19 00:42:45,247 DEV : loss 1.9931565523147583 - score 0.8693
2020-07-19 00:42:45,268 BAD EPOCHS (no improvement): 0
2020-07-19 00:42:46,087 ----------------------------------------------------------------------------------------------------
2020-07-19 00:43:07,720 epoch 6 - iter 135/1351 - loss 2.75816676 - samples/sec: 199.76
2020-07-19 00:43:29,023 epoch 6 - iter 270/1351 - loss 2.67417048 - samples/sec: 202.95
2020-07-19 00:43:50,401 epoch 6 - iter 405/1351 - loss 2.61297044 - samples/sec: 202.23
2020-07-19 00:44:11,027 epoch 6 - iter 540/1351 - loss 2.55119553 - samples/sec: 209.62
2020-07-19 00:44:31,620 epoch 6 - iter 675/1351 - loss 2.53587885 - samples/sec: 209.95
2020-07-19 00:44:53,197 epoch 6 - iter 810/1351 - loss 2.54588003 - samples/sec: 200.38
2020-07-19 00:45:14,820 epoch 6 - iter 945/1351 - loss 2.55293461 - samples/sec: 199.94
2020-07-19 00:45:35,342 epoch 6 - iter 1080/1351 - loss 2.53472051 - samples/sec: 210.67
2020-07-19 00:45:56,356 epoch 6 - iter 1215/1351 - loss 2.53808849 - samples/sec: 205.75
2020-07-19 00:46:17,405 epoch 6 - iter 1350/1351 - loss 2.52796609 - samples/sec: 205.39
2020-07-19 00:46:17,450 ----------------------------------------------------------------------------------------------------
2020-07-19 00:46:17,451 EPOCH 6 done: loss 2.5270 - lr 0.1000000
2020-07-19 00:46:20,955 DEV : loss 1.783405065536499 - score 0.8753
2020-07-19 00:46:20,977 BAD EPOCHS (no improvement): 0
2020-07-19 00:46:21,802 ----------------------------------------------------------------------------------------------------
2020-07-19 00:46:43,761 epoch 7 - iter 135/1351 - loss 2.77228127 - samples/sec: 196.79
2020-07-19 00:47:04,615 epoch 7 - iter 270/1351 - loss 2.69364303 - samples/sec: 207.32
2020-07-19 00:47:25,641 epoch 7 - iter 405/1351 - loss 2.64986941 - samples/sec: 205.62
2020-07-19 00:47:46,294 epoch 7 - iter 540/1351 - loss 2.60418000 - samples/sec: 209.34
2020-07-19 00:48:08,164 epoch 7 - iter 675/1351 - loss 2.61125549 - samples/sec: 197.69
2020-07-19 00:48:28,748 epoch 7 - iter 810/1351 - loss 2.59230683 - samples/sec: 210.05
2020-07-19 00:48:50,933 epoch 7 - iter 945/1351 - loss 2.61303998 - samples/sec: 194.88
2020-07-19 00:49:11,757 epoch 7 - iter 1080/1351 - loss 2.60201943 - samples/sec: 207.61
2020-07-19 00:49:32,926 epoch 7 - iter 1215/1351 - loss 2.59331974 - samples/sec: 204.24
2020-07-19 00:49:54,506 epoch 7 - iter 1350/1351 - loss 2.61017464 - samples/sec: 200.33
2020-07-19 00:49:54,556 ----------------------------------------------------------------------------------------------------
2020-07-19 00:49:54,556 EPOCH 7 done: loss 2.6098 - lr 0.1000000
2020-07-19 00:49:58,021 DEV : loss 1.9453085660934448 - score 0.8737
2020-07-19 00:49:58,042 BAD EPOCHS (no improvement): 1
2020-07-19 00:49:58,042 ----------------------------------------------------------------------------------------------------
2020-07-19 00:50:19,189 epoch 8 - iter 135/1351 - loss 2.63076596 - samples/sec: 204.35
2020-07-19 00:50:40,014 epoch 8 - iter 270/1351 - loss 2.63090488 - samples/sec: 207.61
2020-07-19 00:51:00,685 epoch 8 - iter 405/1351 - loss 2.62205969 - samples/sec: 209.16
2020-07-19 00:51:21,124 epoch 8 - iter 540/1351 - loss 2.57573407 - samples/sec: 211.53
2020-07-19 00:51:42,156 epoch 8 - iter 675/1351 - loss 2.57224933 - samples/sec: 205.58
2020-07-19 00:52:02,956 epoch 8 - iter 810/1351 - loss 2.58293790 - samples/sec: 207.86
2020-07-19 00:52:24,440 epoch 8 - iter 945/1351 - loss 2.59572031 - samples/sec: 201.22
2020-07-19 00:52:46,268 epoch 8 - iter 1080/1351 - loss 2.60275432 - samples/sec: 198.07
2020-07-19 00:53:07,776 epoch 8 - iter 1215/1351 - loss 2.59834337 - samples/sec: 200.99
2020-07-19 00:53:29,758 epoch 8 - iter 1350/1351 - loss 2.61145995 - samples/sec: 196.69
2020-07-19 00:53:29,819 ----------------------------------------------------------------------------------------------------
2020-07-19 00:53:29,819 EPOCH 8 done: loss 2.6122 - lr 0.1000000
2020-07-19 00:53:33,294 DEV : loss 1.8661203384399414 - score 0.8757
2020-07-19 00:53:33,315 BAD EPOCHS (no improvement): 0
2020-07-19 00:53:34,140 ----------------------------------------------------------------------------------------------------
2020-07-19 00:53:55,314 epoch 9 - iter 135/1351 - loss 2.66213368 - samples/sec: 204.09
2020-07-19 00:54:17,545 epoch 9 - iter 270/1351 - loss 2.66752347 - samples/sec: 194.46
2020-07-19 00:54:38,384 epoch 9 - iter 405/1351 - loss 2.59969147 - samples/sec: 207.46
2020-07-19 00:54:59,543 epoch 9 - iter 540/1351 - loss 2.59843715 - samples/sec: 204.34
2020-07-19 00:55:20,664 epoch 9 - iter 675/1351 - loss 2.59397269 - samples/sec: 204.69
2020-07-19 00:55:42,068 epoch 9 - iter 810/1351 - loss 2.59515217 - samples/sec: 201.98
2020-07-19 00:56:03,684 epoch 9 - iter 945/1351 - loss 2.62990673 - samples/sec: 200.01
2020-07-19 00:56:25,019 epoch 9 - iter 1080/1351 - loss 2.61881361 - samples/sec: 202.64
2020-07-19 00:56:46,501 epoch 9 - iter 1215/1351 - loss 2.63094660 - samples/sec: 201.24
2020-07-19 00:57:07,766 epoch 9 - iter 1350/1351 - loss 2.64562492 - samples/sec: 203.32
2020-07-19 00:57:07,827 ----------------------------------------------------------------------------------------------------
2020-07-19 00:57:07,827 EPOCH 9 done: loss 2.6473 - lr 0.1000000
2020-07-19 00:57:11,308 DEV : loss 1.9720699787139893 - score 0.8837
2020-07-19 00:57:11,329 BAD EPOCHS (no improvement): 0
2020-07-19 00:57:12,161 ----------------------------------------------------------------------------------------------------
2020-07-19 00:57:33,330 epoch 10 - iter 135/1351 - loss 2.73673614 - samples/sec: 204.14
2020-07-19 00:57:54,322 epoch 10 - iter 270/1351 - loss 2.69001012 - samples/sec: 205.96
2020-07-19 00:58:16,032 epoch 10 - iter 405/1351 - loss 2.72559413 - samples/sec: 199.13
2020-07-19 00:58:37,386 epoch 10 - iter 540/1351 - loss 2.73728742 - samples/sec: 202.46
2020-07-19 00:58:58,796 epoch 10 - iter 675/1351 - loss 2.69056183 - samples/sec: 201.94
2020-07-19 00:59:19,355 epoch 10 - iter 810/1351 - loss 2.63680248 - samples/sec: 210.30
2020-07-19 00:59:41,100 epoch 10 - iter 945/1351 - loss 2.65022630 - samples/sec: 198.82
2020-07-19 01:00:01,617 epoch 10 - iter 1080/1351 - loss 2.61689554 - samples/sec: 210.74
2020-07-19 01:00:22,343 epoch 10 - iter 1215/1351 - loss 2.59264623 - samples/sec: 208.60
2020-07-19 01:00:43,913 epoch 10 - iter 1350/1351 - loss 2.59703100 - samples/sec: 200.41
2020-07-19 01:00:43,975 ----------------------------------------------------------------------------------------------------
2020-07-19 01:00:43,975 EPOCH 10 done: loss 2.5969 - lr 0.1000000
2020-07-19 01:00:47,481 DEV : loss 1.8316453695297241 - score 0.873
2020-07-19 01:00:47,502 BAD EPOCHS (no improvement): 1
2020-07-19 01:00:47,502 ----------------------------------------------------------------------------------------------------
2020-07-19 01:01:08,425 epoch 11 - iter 135/1351 - loss 2.32668146 - samples/sec: 206.53
2020-07-19 01:01:29,360 epoch 11 - iter 270/1351 - loss 2.33974414 - samples/sec: 206.53
2020-07-19 01:01:50,944 epoch 11 - iter 405/1351 - loss 2.42729483 - samples/sec: 200.28
2020-07-19 01:02:12,582 epoch 11 - iter 540/1351 - loss 2.47358390 - samples/sec: 199.81
2020-07-19 01:02:32,996 epoch 11 - iter 675/1351 - loss 2.45265093 - samples/sec: 211.80
2020-07-19 01:02:54,028 epoch 11 - iter 810/1351 - loss 2.46061333 - samples/sec: 205.57
2020-07-19 01:03:14,806 epoch 11 - iter 945/1351 - loss 2.47140264 - samples/sec: 208.06
2020-07-19 01:03:36,148 epoch 11 - iter 1080/1351 - loss 2.47932060 - samples/sec: 202.59
2020-07-19 01:03:58,003 epoch 11 - iter 1215/1351 - loss 2.50021249 - samples/sec: 197.81
2020-07-19 01:04:19,577 epoch 11 - iter 1350/1351 - loss 2.52706091 - samples/sec: 200.41
2020-07-19 01:04:19,634 ----------------------------------------------------------------------------------------------------
2020-07-19 01:04:19,634 EPOCH 11 done: loss 2.5265 - lr 0.1000000
2020-07-19 01:04:23,109 DEV : loss 1.8944194316864014 - score 0.8755
2020-07-19 01:04:23,131 BAD EPOCHS (no improvement): 2
2020-07-19 01:04:23,131 ----------------------------------------------------------------------------------------------------
2020-07-19 01:04:44,947 epoch 12 - iter 135/1351 - loss 2.81559376 - samples/sec: 198.07
2020-07-19 01:05:05,817 epoch 12 - iter 270/1351 - loss 2.71396006 - samples/sec: 207.15
2020-07-19 01:05:26,779 epoch 12 - iter 405/1351 - loss 2.65919451 - samples/sec: 206.25
2020-07-19 01:05:47,996 epoch 12 - iter 540/1351 - loss 2.65003122 - samples/sec: 203.76
2020-07-19 01:06:08,681 epoch 12 - iter 675/1351 - loss 2.63384276 - samples/sec: 209.02
2020-07-19 01:06:30,364 epoch 12 - iter 810/1351 - loss 2.63956941 - samples/sec: 199.40
2020-07-19 01:06:51,867 epoch 12 - iter 945/1351 - loss 2.66760231 - samples/sec: 201.06
2020-07-19 01:07:13,131 epoch 12 - iter 1080/1351 - loss 2.66465597 - samples/sec: 203.33
2020-07-19 01:07:33,929 epoch 12 - iter 1215/1351 - loss 2.64005344 - samples/sec: 207.88
2020-07-19 01:07:55,029 epoch 12 - iter 1350/1351 - loss 2.63550858 - samples/sec: 204.91
2020-07-19 01:07:55,096 ----------------------------------------------------------------------------------------------------
2020-07-19 01:07:55,096 EPOCH 12 done: loss 2.6348 - lr 0.1000000
2020-07-19 01:07:58,616 DEV : loss 1.781136393547058 - score 0.8775
2020-07-19 01:07:58,637 BAD EPOCHS (no improvement): 3
2020-07-19 01:07:58,637 ----------------------------------------------------------------------------------------------------
2020-07-19 01:08:19,281 epoch 13 - iter 135/1351 - loss 2.48667238 - samples/sec: 209.33
2020-07-19 01:08:41,188 epoch 13 - iter 270/1351 - loss 2.65652162 - samples/sec: 197.35
2020-07-19 01:09:02,232 epoch 13 - iter 405/1351 - loss 2.61882368 - samples/sec: 205.44
2020-07-19 01:09:23,367 epoch 13 - iter 540/1351 - loss 2.61259515 - samples/sec: 204.56
2020-07-19 01:09:44,761 epoch 13 - iter 675/1351 - loss 2.61968044 - samples/sec: 202.08
2020-07-19 01:10:06,882 epoch 13 - iter 810/1351 - loss 2.63739591 - samples/sec: 195.44
2020-07-19 01:10:27,656 epoch 13 - iter 945/1351 - loss 2.61366016 - samples/sec: 208.12
2020-07-19 01:10:48,458 epoch 13 - iter 1080/1351 - loss 2.59597291 - samples/sec: 207.85
2020-07-19 01:11:09,271 epoch 13 - iter 1215/1351 - loss 2.58016139 - samples/sec: 207.71
2020-07-19 01:11:30,759 epoch 13 - iter 1350/1351 - loss 2.58230680 - samples/sec: 201.20
2020-07-19 01:11:30,829 ----------------------------------------------------------------------------------------------------
2020-07-19 01:11:30,829 EPOCH 13 done: loss 2.5817 - lr 0.1000000
2020-07-19 01:11:34,350 DEV : loss 1.754904866218567 - score 0.8871
2020-07-19 01:11:34,371 BAD EPOCHS (no improvement): 0
2020-07-19 01:11:36,300 ----------------------------------------------------------------------------------------------------
2020-07-19 01:11:58,119 epoch 14 - iter 135/1351 - loss 2.46597965 - samples/sec: 198.11
2020-07-19 01:12:19,205 epoch 14 - iter 270/1351 - loss 2.55356397 - samples/sec: 205.03
2020-07-19 01:12:41,703 epoch 14 - iter 405/1351 - loss 2.64620652 - samples/sec: 192.17
2020-07-19 01:13:03,208 epoch 14 - iter 540/1351 - loss 2.67149126 - samples/sec: 201.02
2020-07-19 01:13:24,395 epoch 14 - iter 675/1351 - loss 2.63681934 - samples/sec: 204.07
2020-07-19 01:13:45,163 epoch 14 - iter 810/1351 - loss 2.59103362 - samples/sec: 208.17
2020-07-19 01:14:05,724 epoch 14 - iter 945/1351 - loss 2.57616960 - samples/sec: 210.26
2020-07-19 01:14:26,546 epoch 14 - iter 1080/1351 - loss 2.56588830 - samples/sec: 207.64
2020-07-19 01:14:47,148 epoch 14 - iter 1215/1351 - loss 2.55411959 - samples/sec: 209.84
2020-07-19 01:15:08,408 epoch 14 - iter 1350/1351 - loss 2.56657593 - samples/sec: 203.36
2020-07-19 01:15:08,460 ----------------------------------------------------------------------------------------------------
2020-07-19 01:15:08,461 EPOCH 14 done: loss 2.5663 - lr 0.1000000
2020-07-19 01:15:11,951 DEV : loss 2.001688241958618 - score 0.8597
2020-07-19 01:15:11,972 BAD EPOCHS (no improvement): 1
2020-07-19 01:15:11,972 ----------------------------------------------------------------------------------------------------
2020-07-19 01:15:32,829 epoch 15 - iter 135/1351 - loss 2.57235595 - samples/sec: 207.18
2020-07-19 01:15:53,750 epoch 15 - iter 270/1351 - loss 2.46637451 - samples/sec: 206.66
2020-07-19 01:16:15,193 epoch 15 - iter 405/1351 - loss 2.50769894 - samples/sec: 201.60
2020-07-19 01:16:37,331 epoch 15 - iter 540/1351 - loss 2.58365264 - samples/sec: 195.30
2020-07-19 01:16:58,276 epoch 15 - iter 675/1351 - loss 2.57041798 - samples/sec: 206.42
2020-07-19 01:17:19,651 epoch 15 - iter 810/1351 - loss 2.57909511 - samples/sec: 202.27
2020-07-19 01:17:40,722 epoch 15 - iter 945/1351 - loss 2.56187674 - samples/sec: 205.19
2020-07-19 01:18:02,284 epoch 15 - iter 1080/1351 - loss 2.57472231 - samples/sec: 200.49
2020-07-19 01:18:23,436 epoch 15 - iter 1215/1351 - loss 2.57422989 - samples/sec: 204.41
2020-07-19 01:18:44,352 epoch 15 - iter 1350/1351 - loss 2.56157906 - samples/sec: 206.69
2020-07-19 01:18:44,409 ----------------------------------------------------------------------------------------------------
2020-07-19 01:18:44,409 EPOCH 15 done: loss 2.5616 - lr 0.1000000
2020-07-19 01:18:47,887 DEV : loss 1.6993318796157837 - score 0.8897
2020-07-19 01:18:47,908 BAD EPOCHS (no improvement): 0
2020-07-19 01:18:48,728 ----------------------------------------------------------------------------------------------------
2020-07-19 01:19:10,640 epoch 16 - iter 135/1351 - loss 2.58432924 - samples/sec: 197.22
2020-07-19 01:19:31,461 epoch 16 - iter 270/1351 - loss 2.50293055 - samples/sec: 207.66
2020-07-19 01:19:53,140 epoch 16 - iter 405/1351 - loss 2.48514072 - samples/sec: 199.42
2020-07-19 01:20:14,354 epoch 16 - iter 540/1351 - loss 2.53026802 - samples/sec: 203.80
2020-07-19 01:20:35,870 epoch 16 - iter 675/1351 - loss 2.54120502 - samples/sec: 200.92
2020-07-19 01:20:57,591 epoch 16 - iter 810/1351 - loss 2.54078504 - samples/sec: 199.04
2020-07-19 01:21:18,622 epoch 16 - iter 945/1351 - loss 2.53080110 - samples/sec: 205.58
2020-07-19 01:21:40,165 epoch 16 - iter 1080/1351 - loss 2.53563400 - samples/sec: 200.69
2020-07-19 01:22:00,851 epoch 16 - iter 1215/1351 - loss 2.54205754 - samples/sec: 208.99
2020-07-19 01:22:22,762 epoch 16 - iter 1350/1351 - loss 2.58090442 - samples/sec: 197.30
2020-07-19 01:22:22,824 ----------------------------------------------------------------------------------------------------
2020-07-19 01:22:22,824 EPOCH 16 done: loss 2.5797 - lr 0.1000000
2020-07-19 01:22:26,310 DEV : loss 1.772623896598816 - score 0.8856
2020-07-19 01:22:26,331 BAD EPOCHS (no improvement): 1
2020-07-19 01:22:26,331 ----------------------------------------------------------------------------------------------------
2020-07-19 01:22:47,481 epoch 17 - iter 135/1351 - loss 2.56397359 - samples/sec: 204.32
2020-07-19 01:23:08,457 epoch 17 - iter 270/1351 - loss 2.53834149 - samples/sec: 206.12
2020-07-19 01:23:29,470 epoch 17 - iter 405/1351 - loss 2.52324935 - samples/sec: 205.75
2020-07-19 01:23:50,835 epoch 17 - iter 540/1351 - loss 2.54387464 - samples/sec: 202.36
2020-07-19 01:24:12,800 epoch 17 - iter 675/1351 - loss 2.62198903 - samples/sec: 196.81
2020-07-19 01:24:33,728 epoch 17 - iter 810/1351 - loss 2.62526576 - samples/sec: 206.57
2020-07-19 01:24:54,906 epoch 17 - iter 945/1351 - loss 2.62723023 - samples/sec: 204.14
2020-07-19 01:25:16,149 epoch 17 - iter 1080/1351 - loss 2.61363138 - samples/sec: 203.53
2020-07-19 01:25:36,713 epoch 17 - iter 1215/1351 - loss 2.59277462 - samples/sec: 210.25
2020-07-19 01:25:59,007 epoch 17 - iter 1350/1351 - loss 2.60677828 - samples/sec: 193.92
2020-07-19 01:25:59,064 ----------------------------------------------------------------------------------------------------
2020-07-19 01:25:59,064 EPOCH 17 done: loss 2.6065 - lr 0.1000000
2020-07-19 01:26:02,547 DEV : loss 1.857041835784912 - score 0.8687
2020-07-19 01:26:02,568 BAD EPOCHS (no improvement): 2
2020-07-19 01:26:02,569 ----------------------------------------------------------------------------------------------------
2020-07-19 01:26:23,405 epoch 18 - iter 135/1351 - loss 2.56571837 - samples/sec: 207.40
2020-07-19 01:26:44,435 epoch 18 - iter 270/1351 - loss 2.54424434 - samples/sec: 205.58
2020-07-19 01:27:05,816 epoch 18 - iter 405/1351 - loss 2.55163603 - samples/sec: 202.21
2020-07-19 01:27:27,158 epoch 18 - iter 540/1351 - loss 2.55273334 - samples/sec: 202.55
2020-07-19 01:27:48,719 epoch 18 - iter 675/1351 - loss 2.53498622 - samples/sec: 200.51
2020-07-19 01:28:09,667 epoch 18 - iter 810/1351 - loss 2.51846481 - samples/sec: 206.39
2020-07-19 01:28:30,253 epoch 18 - iter 945/1351 - loss 2.49266233 - samples/sec: 210.02
2020-07-19 01:28:50,836 epoch 18 - iter 1080/1351 - loss 2.47949689 - samples/sec: 210.06
2020-07-19 01:29:12,038 epoch 18 - iter 1215/1351 - loss 2.47842481 - samples/sec: 203.92
2020-07-19 01:29:34,715 epoch 18 - iter 1350/1351 - loss 2.51160034 - samples/sec: 190.65
2020-07-19 01:29:34,771 ----------------------------------------------------------------------------------------------------
2020-07-19 01:29:34,772 EPOCH 18 done: loss 2.5130 - lr 0.1000000
2020-07-19 01:29:38,254 DEV : loss 1.9627348184585571 - score 0.8753
2020-07-19 01:29:38,275 BAD EPOCHS (no improvement): 3
2020-07-19 01:29:38,276 ----------------------------------------------------------------------------------------------------
2020-07-19 01:29:59,016 epoch 19 - iter 135/1351 - loss 2.40172891 - samples/sec: 208.35
2020-07-19 01:30:20,126 epoch 19 - iter 270/1351 - loss 2.35782086 - samples/sec: 204.82
2020-07-19 01:30:42,290 epoch 19 - iter 405/1351 - loss 2.45774716 - samples/sec: 195.07
2020-07-19 01:31:04,115 epoch 19 - iter 540/1351 - loss 2.49146413 - samples/sec: 198.10
2020-07-19 01:31:25,523 epoch 19 - iter 675/1351 - loss 2.51678293 - samples/sec: 201.96
2020-07-19 01:31:46,489 epoch 19 - iter 810/1351 - loss 2.52842012 - samples/sec: 206.20
2020-07-19 01:32:07,492 epoch 19 - iter 945/1351 - loss 2.53033782 - samples/sec: 205.86
2020-07-19 01:32:28,114 epoch 19 - iter 1080/1351 - loss 2.52825160 - samples/sec: 209.65
2020-07-19 01:32:49,344 epoch 19 - iter 1215/1351 - loss 2.52962703 - samples/sec: 203.65
2020-07-19 01:33:10,406 epoch 19 - iter 1350/1351 - loss 2.53464063 - samples/sec: 205.26
2020-07-19 01:33:10,453 ----------------------------------------------------------------------------------------------------
2020-07-19 01:33:10,453 EPOCH 19 done: loss 2.5337 - lr 0.1000000
2020-07-19 01:33:13,971 DEV : loss 1.9047127962112427 - score 0.8808
2020-07-19 01:33:13,993 BAD EPOCHS (no improvement): 4
2020-07-19 01:33:13,993 ----------------------------------------------------------------------------------------------------
2020-07-19 01:33:35,252 epoch 20 - iter 135/1351 - loss 2.25976074 - samples/sec: 203.27
2020-07-19 01:33:56,294 epoch 20 - iter 270/1351 - loss 2.19483040 - samples/sec: 205.48
2020-07-19 01:34:18,592 epoch 20 - iter 405/1351 - loss 2.22411145 - samples/sec: 193.88
2020-07-19 01:34:39,567 epoch 20 - iter 540/1351 - loss 2.20874389 - samples/sec: 206.12
2020-07-19 01:35:00,351 epoch 20 - iter 675/1351 - loss 2.20233858 - samples/sec: 208.02
2020-07-19 01:35:21,528 epoch 20 - iter 810/1351 - loss 2.19458673 - samples/sec: 204.16
2020-07-19 01:35:43,247 epoch 20 - iter 945/1351 - loss 2.20101097 - samples/sec: 199.06
2020-07-19 01:36:04,542 epoch 20 - iter 1080/1351 - loss 2.19829513 - samples/sec: 203.01
2020-07-19 01:36:25,502 epoch 20 - iter 1215/1351 - loss 2.19392779 - samples/sec: 206.28
2020-07-19 01:36:46,804 epoch 20 - iter 1350/1351 - loss 2.19088034 - samples/sec: 202.96
2020-07-19 01:36:46,860 ----------------------------------------------------------------------------------------------------
2020-07-19 01:36:46,860 EPOCH 20 done: loss 2.1915 - lr 0.0500000
2020-07-19 01:36:50,353 DEV : loss 1.6183977127075195 - score 0.8875
2020-07-19 01:36:50,374 BAD EPOCHS (no improvement): 1
2020-07-19 01:36:50,374 ----------------------------------------------------------------------------------------------------
2020-07-19 01:37:12,992 epoch 21 - iter 135/1351 - loss 2.34150984 - samples/sec: 191.06
2020-07-19 01:37:33,697 epoch 21 - iter 270/1351 - loss 2.23302927 - samples/sec: 208.81
2020-07-19 01:37:55,184 epoch 21 - iter 405/1351 - loss 2.22087638 - samples/sec: 201.20
2020-07-19 01:38:16,574 epoch 21 - iter 540/1351 - loss 2.21132209 - samples/sec: 202.10
2020-07-19 01:38:37,335 epoch 21 - iter 675/1351 - loss 2.18312682 - samples/sec: 208.24
2020-07-19 01:38:57,923 epoch 21 - iter 810/1351 - loss 2.16896067 - samples/sec: 209.99
2020-07-19 01:39:19,016 epoch 21 - iter 945/1351 - loss 2.16238838 - samples/sec: 204.97
2020-07-19 01:39:40,076 epoch 21 - iter 1080/1351 - loss 2.17764131 - samples/sec: 205.30
2020-07-19 01:40:01,590 epoch 21 - iter 1215/1351 - loss 2.18262365 - samples/sec: 200.95
2020-07-19 01:40:23,498 epoch 21 - iter 1350/1351 - loss 2.19127343 - samples/sec: 197.34
2020-07-19 01:40:23,567 ----------------------------------------------------------------------------------------------------
2020-07-19 01:40:23,567 EPOCH 21 done: loss 2.1909 - lr 0.0500000
2020-07-19 01:40:27,044 DEV : loss 1.7139643430709839 - score 0.8852
2020-07-19 01:40:27,065 BAD EPOCHS (no improvement): 2
2020-07-19 01:40:27,065 ----------------------------------------------------------------------------------------------------
2020-07-19 01:40:48,552 epoch 22 - iter 135/1351 - loss 2.32834007 - samples/sec: 201.11
2020-07-19 01:41:10,055 epoch 22 - iter 270/1351 - loss 2.25683279 - samples/sec: 201.06
2020-07-19 01:41:30,815 epoch 22 - iter 405/1351 - loss 2.22468338 - samples/sec: 208.26
2020-07-19 01:41:52,776 epoch 22 - iter 540/1351 - loss 2.22340102 - samples/sec: 196.85
2020-07-19 01:42:13,866 epoch 22 - iter 675/1351 - loss 2.20800584 - samples/sec: 205.00
2020-07-19 01:42:34,800 epoch 22 - iter 810/1351 - loss 2.21473217 - samples/sec: 206.54
2020-07-19 01:42:56,443 epoch 22 - iter 945/1351 - loss 2.21381197 - samples/sec: 199.75
2020-07-19 01:43:17,830 epoch 22 - iter 1080/1351 - loss 2.21537023 - samples/sec: 202.16
2020-07-19 01:43:38,849 epoch 22 - iter 1215/1351 - loss 2.20780089 - samples/sec: 205.70
2020-07-19 01:44:00,248 epoch 22 - iter 1350/1351 - loss 2.20783919 - samples/sec: 202.02
2020-07-19 01:44:00,302 ----------------------------------------------------------------------------------------------------
2020-07-19 01:44:00,302 EPOCH 22 done: loss 2.2086 - lr 0.0500000
2020-07-19 01:44:03,815 DEV : loss 1.6395357847213745 - score 0.8912
2020-07-19 01:44:03,836 BAD EPOCHS (no improvement): 0
2020-07-19 01:44:04,721 ----------------------------------------------------------------------------------------------------
2020-07-19 01:44:25,939 epoch 23 - iter 135/1351 - loss 2.24440994 - samples/sec: 203.67
2020-07-19 01:44:47,195 epoch 23 - iter 270/1351 - loss 2.21000084 - samples/sec: 203.38
2020-07-19 01:45:08,470 epoch 23 - iter 405/1351 - loss 2.22888804 - samples/sec: 203.22
2020-07-19 01:45:30,631 epoch 23 - iter 540/1351 - loss 2.24314714 - samples/sec: 195.08
2020-07-19 01:45:52,277 epoch 23 - iter 675/1351 - loss 2.26387369 - samples/sec: 199.73
2020-07-19 01:46:13,002 epoch 23 - iter 810/1351 - loss 2.25850408 - samples/sec: 208.62
2020-07-19 01:46:34,397 epoch 23 - iter 945/1351 - loss 2.25741409 - samples/sec: 202.08
2020-07-19 01:46:55,769 epoch 23 - iter 1080/1351 - loss 2.24986194 - samples/sec: 202.29
2020-07-19 01:47:16,374 epoch 23 - iter 1215/1351 - loss 2.23187129 - samples/sec: 209.83
2020-07-19 01:47:37,376 epoch 23 - iter 1350/1351 - loss 2.21715244 - samples/sec: 205.86
2020-07-19 01:47:37,433 ----------------------------------------------------------------------------------------------------
2020-07-19 01:47:37,433 EPOCH 23 done: loss 2.2160 - lr 0.0500000
2020-07-19 01:47:40,919 DEV : loss 1.69027841091156 - score 0.8879
2020-07-19 01:47:40,940 BAD EPOCHS (no improvement): 1
2020-07-19 01:47:40,940 ----------------------------------------------------------------------------------------------------
2020-07-19 01:48:02,070 epoch 24 - iter 135/1351 - loss 2.26111061 - samples/sec: 204.51
2020-07-19 01:48:23,097 epoch 24 - iter 270/1351 - loss 2.24072888 - samples/sec: 205.62
2020-07-19 01:48:43,747 epoch 24 - iter 405/1351 - loss 2.21166692 - samples/sec: 209.38
2020-07-19 01:49:04,296 epoch 24 - iter 540/1351 - loss 2.18278301 - samples/sec: 210.40
2020-07-19 01:49:26,025 epoch 24 - iter 675/1351 - loss 2.21891272 - samples/sec: 198.96
2020-07-19 01:49:47,701 epoch 24 - iter 810/1351 - loss 2.23239322 - samples/sec: 199.45
2020-07-19 01:50:08,593 epoch 24 - iter 945/1351 - loss 2.22896366 - samples/sec: 206.93
2020-07-19 01:50:30,047 epoch 24 - iter 1080/1351 - loss 2.24522661 - samples/sec: 201.53
2020-07-19 01:50:51,786 epoch 24 - iter 1215/1351 - loss 2.25394787 - samples/sec: 198.87
2020-07-19 01:51:12,772 epoch 24 - iter 1350/1351 - loss 2.24261781 - samples/sec: 206.00
2020-07-19 01:51:12,829 ----------------------------------------------------------------------------------------------------
2020-07-19 01:51:12,829 EPOCH 24 done: loss 2.2424 - lr 0.0500000
2020-07-19 01:51:16,305 DEV : loss 1.6275423765182495 - score 0.8962
2020-07-19 01:51:16,326 BAD EPOCHS (no improvement): 0
2020-07-19 01:51:17,260 ----------------------------------------------------------------------------------------------------
2020-07-19 01:51:37,716 epoch 25 - iter 135/1351 - loss 2.11597236 - samples/sec: 211.28
2020-07-19 01:51:58,357 epoch 25 - iter 270/1351 - loss 2.13654920 - samples/sec: 209.45
2020-07-19 01:52:19,629 epoch 25 - iter 405/1351 - loss 2.14410529 - samples/sec: 203.23
2020-07-19 01:52:40,987 epoch 25 - iter 540/1351 - loss 2.16487387 - samples/sec: 202.43
2020-07-19 01:53:02,578 epoch 25 - iter 675/1351 - loss 2.17835998 - samples/sec: 200.24
2020-07-19 01:53:24,308 epoch 25 - iter 810/1351 - loss 2.20547502 - samples/sec: 198.96
2020-07-19 01:53:45,769 epoch 25 - iter 945/1351 - loss 2.22125506 - samples/sec: 201.44
2020-07-19 01:54:06,763 epoch 25 - iter 1080/1351 - loss 2.21239781 - samples/sec: 205.93
2020-07-19 01:54:27,649 epoch 25 - iter 1215/1351 - loss 2.20336544 - samples/sec: 207.00
2020-07-19 01:54:48,640 epoch 25 - iter 1350/1351 - loss 2.20134661 - samples/sec: 205.97
2020-07-19 01:54:48,700 ----------------------------------------------------------------------------------------------------
2020-07-19 01:54:48,701 EPOCH 25 done: loss 2.2009 - lr 0.0500000
2020-07-19 01:54:52,183 DEV : loss 1.573792815208435 - score 0.8963
2020-07-19 01:54:52,205 BAD EPOCHS (no improvement): 0
2020-07-19 01:54:53,045 ----------------------------------------------------------------------------------------------------
2020-07-19 01:55:14,299 epoch 26 - iter 135/1351 - loss 2.19718602 - samples/sec: 203.33
2020-07-19 01:55:36,065 epoch 26 - iter 270/1351 - loss 2.27758486 - samples/sec: 198.61
2020-07-19 01:55:57,677 epoch 26 - iter 405/1351 - loss 2.27321579 - samples/sec: 200.06
2020-07-19 01:56:18,305 epoch 26 - iter 540/1351 - loss 2.22679584 - samples/sec: 209.59
2020-07-19 01:56:39,780 epoch 26 - iter 675/1351 - loss 2.20870339 - samples/sec: 201.33
2020-07-19 01:57:01,171 epoch 26 - iter 810/1351 - loss 2.20979464 - samples/sec: 202.12
2020-07-19 01:57:22,658 epoch 26 - iter 945/1351 - loss 2.21219755 - samples/sec: 201.22
2020-07-19 01:57:44,273 epoch 26 - iter 1080/1351 - loss 2.21653210 - samples/sec: 200.01
2020-07-19 01:58:04,813 epoch 26 - iter 1215/1351 - loss 2.20019883 - samples/sec: 210.51
2020-07-19 01:58:25,412 epoch 26 - iter 1350/1351 - loss 2.19147798 - samples/sec: 209.90
2020-07-19 01:58:25,460 ----------------------------------------------------------------------------------------------------
2020-07-19 01:58:25,460 EPOCH 26 done: loss 2.1911 - lr 0.0500000
2020-07-19 01:58:28,976 DEV : loss 1.6016050577163696 - score 0.8964
2020-07-19 01:58:28,997 BAD EPOCHS (no improvement): 0
2020-07-19 01:58:29,836 ----------------------------------------------------------------------------------------------------
2020-07-19 01:58:51,279 epoch 27 - iter 135/1351 - loss 2.21344578 - samples/sec: 201.54
2020-07-19 01:59:11,860 epoch 27 - iter 270/1351 - loss 2.15821782 - samples/sec: 210.06
2020-07-19 01:59:33,904 epoch 27 - iter 405/1351 - loss 2.21781785 - samples/sec: 196.12
2020-07-19 01:59:55,426 epoch 27 - iter 540/1351 - loss 2.22058573 - samples/sec: 200.89
2020-07-19 02:00:16,841 epoch 27 - iter 675/1351 - loss 2.20923069 - samples/sec: 201.87
2020-07-19 02:00:38,062 epoch 27 - iter 810/1351 - loss 2.21016900 - samples/sec: 203.73
2020-07-19 02:00:59,420 epoch 27 - iter 945/1351 - loss 2.21225568 - samples/sec: 202.43
2020-07-19 02:01:20,319 epoch 27 - iter 1080/1351 - loss 2.19760507 - samples/sec: 206.86
2020-07-19 02:01:41,115 epoch 27 - iter 1215/1351 - loss 2.18847159 - samples/sec: 207.91
2020-07-19 02:02:02,345 epoch 27 - iter 1350/1351 - loss 2.18479220 - samples/sec: 203.65
2020-07-19 02:02:02,392 ----------------------------------------------------------------------------------------------------
2020-07-19 02:02:02,393 EPOCH 27 done: loss 2.1834 - lr 0.0500000
2020-07-19 02:02:05,872 DEV : loss 1.6136630773544312 - score 0.8935
2020-07-19 02:02:05,893 BAD EPOCHS (no improvement): 1
2020-07-19 02:02:05,893 ----------------------------------------------------------------------------------------------------
2020-07-19 02:02:26,850 epoch 28 - iter 135/1351 - loss 2.17868399 - samples/sec: 206.20
2020-07-19 02:02:47,859 epoch 28 - iter 270/1351 - loss 2.13773700 - samples/sec: 205.78
2020-07-19 02:03:10,122 epoch 28 - iter 405/1351 - loss 2.16965947 - samples/sec: 194.19
2020-07-19 02:03:32,515 epoch 28 - iter 540/1351 - loss 2.22072613 - samples/sec: 193.07
2020-07-19 02:03:54,000 epoch 28 - iter 675/1351 - loss 2.22051578 - samples/sec: 201.23
2020-07-19 02:04:15,055 epoch 28 - iter 810/1351 - loss 2.22006031 - samples/sec: 205.35
2020-07-19 02:04:35,885 epoch 28 - iter 945/1351 - loss 2.21288168 - samples/sec: 207.56
2020-07-19 02:04:56,785 epoch 28 - iter 1080/1351 - loss 2.20734738 - samples/sec: 206.87
2020-07-19 02:05:17,570 epoch 28 - iter 1215/1351 - loss 2.19737181 - samples/sec: 208.02
2020-07-19 02:05:38,393 epoch 28 - iter 1350/1351 - loss 2.19991115 - samples/sec: 207.64
2020-07-19 02:05:38,449 ----------------------------------------------------------------------------------------------------
2020-07-19 02:05:38,450 EPOCH 28 done: loss 2.1998 - lr 0.0500000
2020-07-19 02:05:41,966 DEV : loss 1.6471941471099854 - score 0.8805
2020-07-19 02:05:41,987 BAD EPOCHS (no improvement): 2
2020-07-19 02:05:41,988 ----------------------------------------------------------------------------------------------------
2020-07-19 02:06:02,560 epoch 29 - iter 135/1351 - loss 2.14867763 - samples/sec: 210.06
2020-07-19 02:06:23,497 epoch 29 - iter 270/1351 - loss 2.21281817 - samples/sec: 206.50
2020-07-19 02:06:45,559 epoch 29 - iter 405/1351 - loss 2.22360795 - samples/sec: 195.97
2020-07-19 02:07:06,817 epoch 29 - iter 540/1351 - loss 2.23287963 - samples/sec: 203.38
2020-07-19 02:07:28,230 epoch 29 - iter 675/1351 - loss 2.23164678 - samples/sec: 201.91
2020-07-19 02:07:49,534 epoch 29 - iter 810/1351 - loss 2.23283367 - samples/sec: 202.94
2020-07-19 02:08:10,589 epoch 29 - iter 945/1351 - loss 2.23168629 - samples/sec: 205.33
2020-07-19 02:08:31,128 epoch 29 - iter 1080/1351 - loss 2.22673702 - samples/sec: 210.51
2020-07-19 02:08:52,424 epoch 29 - iter 1215/1351 - loss 2.23062330 - samples/sec: 203.02
2020-07-19 02:09:14,277 epoch 29 - iter 1350/1351 - loss 2.23309713 - samples/sec: 197.84
2020-07-19 02:09:14,329 ----------------------------------------------------------------------------------------------------
2020-07-19 02:09:14,329 EPOCH 29 done: loss 2.2327 - lr 0.0500000
2020-07-19 02:09:17,813 DEV : loss 1.8248521089553833 - score 0.8879
2020-07-19 02:09:17,834 BAD EPOCHS (no improvement): 3
2020-07-19 02:09:17,834 ----------------------------------------------------------------------------------------------------
2020-07-19 02:09:39,568 epoch 30 - iter 135/1351 - loss 2.40094429 - samples/sec: 198.82
2020-07-19 02:10:00,941 epoch 30 - iter 270/1351 - loss 2.35193567 - samples/sec: 202.29
2020-07-19 02:10:21,947 epoch 30 - iter 405/1351 - loss 2.30468437 - samples/sec: 205.83
2020-07-19 02:10:42,597 epoch 30 - iter 540/1351 - loss 2.25174561 - samples/sec: 209.37
2020-07-19 02:11:04,303 epoch 30 - iter 675/1351 - loss 2.28653613 - samples/sec: 199.18
2020-07-19 02:11:25,574 epoch 30 - iter 810/1351 - loss 2.27832938 - samples/sec: 203.25
2020-07-19 02:11:46,238 epoch 30 - iter 945/1351 - loss 2.26260858 - samples/sec: 209.21
2020-07-19 02:12:07,170 epoch 30 - iter 1080/1351 - loss 2.24660733 - samples/sec: 206.54
2020-07-19 02:12:28,798 epoch 30 - iter 1215/1351 - loss 2.24372424 - samples/sec: 199.90
2020-07-19 02:12:50,163 epoch 30 - iter 1350/1351 - loss 2.24465092 - samples/sec: 202.36
2020-07-19 02:12:50,217 ----------------------------------------------------------------------------------------------------
2020-07-19 02:12:50,217 EPOCH 30 done: loss 2.2441 - lr 0.0500000
2020-07-19 02:12:53,694 DEV : loss 1.657947301864624 - score 0.8926
2020-07-19 02:12:53,715 BAD EPOCHS (no improvement): 4
2020-07-19 02:12:53,715 ----------------------------------------------------------------------------------------------------
2020-07-19 02:13:14,723 epoch 31 - iter 135/1351 - loss 2.07207828 - samples/sec: 205.71
2020-07-19 02:13:36,175 epoch 31 - iter 270/1351 - loss 2.06582211 - samples/sec: 201.53
2020-07-19 02:13:57,936 epoch 31 - iter 405/1351 - loss 2.07157748 - samples/sec: 198.67
2020-07-19 02:14:19,560 epoch 31 - iter 540/1351 - loss 2.07528993 - samples/sec: 199.93
2020-07-19 02:14:40,389 epoch 31 - iter 675/1351 - loss 2.05676422 - samples/sec: 207.55
2020-07-19 02:15:00,947 epoch 31 - iter 810/1351 - loss 2.04348840 - samples/sec: 210.32
2020-07-19 02:15:21,894 epoch 31 - iter 945/1351 - loss 2.02918634 - samples/sec: 206.39
2020-07-19 02:15:43,728 epoch 31 - iter 1080/1351 - loss 2.03543328 - samples/sec: 198.01
2020-07-19 02:16:05,271 epoch 31 - iter 1215/1351 - loss 2.04720823 - samples/sec: 200.68
2020-07-19 02:16:25,805 epoch 31 - iter 1350/1351 - loss 2.04274042 - samples/sec: 210.54
2020-07-19 02:16:25,862 ----------------------------------------------------------------------------------------------------
2020-07-19 02:16:25,862 EPOCH 31 done: loss 2.0421 - lr 0.0250000
2020-07-19 02:16:29,351 DEV : loss 1.5816885232925415 - score 0.8914
2020-07-19 02:16:29,372 BAD EPOCHS (no improvement): 1
2020-07-19 02:16:29,373 ----------------------------------------------------------------------------------------------------
2020-07-19 02:16:50,349 epoch 32 - iter 135/1351 - loss 1.99439380 - samples/sec: 206.01
2020-07-19 02:17:11,539 epoch 32 - iter 270/1351 - loss 2.00917622 - samples/sec: 204.04
2020-07-19 02:17:33,476 epoch 32 - iter 405/1351 - loss 2.02932661 - samples/sec: 197.08
2020-07-19 02:17:55,190 epoch 32 - iter 540/1351 - loss 2.03337625 - samples/sec: 199.10
2020-07-19 02:18:16,372 epoch 32 - iter 675/1351 - loss 2.03912515 - samples/sec: 204.10
2020-07-19 02:18:37,465 epoch 32 - iter 810/1351 - loss 2.03651686 - samples/sec: 204.97
2020-07-19 02:18:59,008 epoch 32 - iter 945/1351 - loss 2.04041135 - samples/sec: 200.68
2020-07-19 02:19:20,311 epoch 32 - iter 1080/1351 - loss 2.03679776 - samples/sec: 202.95
2020-07-19 02:19:41,210 epoch 32 - iter 1215/1351 - loss 2.02973851 - samples/sec: 206.87
2020-07-19 02:20:02,437 epoch 32 - iter 1350/1351 - loss 2.02302655 - samples/sec: 203.68
2020-07-19 02:20:02,498 ----------------------------------------------------------------------------------------------------
2020-07-19 02:20:02,498 EPOCH 32 done: loss 2.0221 - lr 0.0250000
2020-07-19 02:20:05,981 DEV : loss 1.523960828781128 - score 0.8963
2020-07-19 02:20:06,002 BAD EPOCHS (no improvement): 2
2020-07-19 02:20:06,002 ----------------------------------------------------------------------------------------------------
2020-07-19 02:20:27,710 epoch 33 - iter 135/1351 - loss 2.09128661 - samples/sec: 199.07
2020-07-19 02:20:48,490 epoch 33 - iter 270/1351 - loss 2.04903683 - samples/sec: 208.06
2020-07-19 02:21:09,635 epoch 33 - iter 405/1351 - loss 2.04328142 - samples/sec: 204.45
2020-07-19 02:21:30,297 epoch 33 - iter 540/1351 - loss 2.02447992 - samples/sec: 209.24
2020-07-19 02:21:52,480 epoch 33 - iter 675/1351 - loss 2.05519402 - samples/sec: 194.89
2020-07-19 02:22:14,026 epoch 33 - iter 810/1351 - loss 2.06869290 - samples/sec: 200.66
2020-07-19 02:22:34,928 epoch 33 - iter 945/1351 - loss 2.05092251 - samples/sec: 206.85
2020-07-19 02:22:55,816 epoch 33 - iter 1080/1351 - loss 2.04159324 - samples/sec: 206.99
2020-07-19 02:23:17,266 epoch 33 - iter 1215/1351 - loss 2.03738673 - samples/sec: 201.58
2020-07-19 02:23:37,784 epoch 33 - iter 1350/1351 - loss 2.03513474 - samples/sec: 210.72
2020-07-19 02:23:37,842 ----------------------------------------------------------------------------------------------------
2020-07-19 02:23:37,842 EPOCH 33 done: loss 2.0341 - lr 0.0250000
2020-07-19 02:23:41,321 DEV : loss 1.5905427932739258 - score 0.8896
2020-07-19 02:23:41,343 BAD EPOCHS (no improvement): 3
2020-07-19 02:23:41,343 ----------------------------------------------------------------------------------------------------
2020-07-19 02:24:02,861 epoch 34 - iter 135/1351 - loss 2.06688825 - samples/sec: 200.82
2020-07-19 02:24:24,763 epoch 34 - iter 270/1351 - loss 2.09122948 - samples/sec: 197.39
2020-07-19 02:24:46,119 epoch 34 - iter 405/1351 - loss 2.07252143 - samples/sec: 202.43
                                                                                                                                                                                  